#
# There is insufficient memory for the Java Runtime Environment to continue.
# Native memory allocation (mmap) failed to map 24117248 bytes for G1 virtual space
# Possible reasons:
#   The system is out of physical RAM or swap space
#   The process is running with CompressedOops enabled, and the Java Heap may be blocking the growth of the native heap
# Possible solutions:
#   Reduce memory load on the system
#   Increase physical memory or swap space
#   Check if swap backing store is full
#   Decrease Java heap size (-Xmx/-Xms)
#   Decrease number of Java threads
#   Decrease Java thread stack sizes (-Xss)
#   Set larger code cache with -XX:ReservedCodeCacheSize=
#   JVM is running with Unscaled Compressed Oops mode in which the Java heap is
#     placed in the first 4GB address space. The Java Heap base address is the
#     maximum limit for the native heap growth. Please use -XX:HeapBaseMinAddress
#     to set the Java Heap base and to place the Java Heap above 4GB virtual address.
# This output file may be truncated or incomplete.
#
#  Out of Memory Error (os_windows.cpp:3771), pid=12716, tid=6456
#
# JRE version: OpenJDK Runtime Environment (17.0.7) (build 17.0.7+0-b2043.56-10550314)
# Java VM: OpenJDK 64-Bit Server VM (17.0.7+0-b2043.56-10550314, mixed mode, tiered, compressed oops, compressed class ptrs, g1 gc, windows-amd64)
# No core dump will be written. Minidumps are not enabled by default on client versions of Windows
#

---------------  S U M M A R Y ------------

Command Line: --add-opens=java.base/java.util=ALL-UNNAMED --add-opens=java.base/java.lang=ALL-UNNAMED --add-opens=java.base/java.lang.invoke=ALL-UNNAMED --add-opens=java.prefs/java.util.prefs=ALL-UNNAMED --add-opens=java.base/java.nio.charset=ALL-UNNAMED --add-opens=java.base/java.net=ALL-UNNAMED --add-opens=java.base/java.util.concurrent.atomic=ALL-UNNAMED -Xmx2048m -Dfile.encoding=UTF-8 -Duser.country=US -Duser.language=en -Duser.variant -javaagent:C:\Users\Huynh Huu Nghia\.gradle\wrapper\dists\gradle-8.2-bin\bbg7u40eoinfdyxsxr3z4i7ta\gradle-8.2\lib\agents\gradle-instrumentation-agent-8.2.jar org.gradle.launcher.daemon.bootstrap.GradleDaemon 8.2

Host: Intel(R) Core(TM) i5-1035G1 CPU @ 1.00GHz, 8 cores, 7G,  Windows 10 , 64 bit Build 19041 (10.0.19041.3636)
Time: Fri May 31 18:31:45 2024 SE Asia Standard Time elapsed time: 6.482458 seconds (0d 0h 0m 6s)

---------------  T H R E A D  ---------------

Current thread (0x000001eb329005c0):  VMThread "VM Thread" [stack: 0x0000007931100000,0x0000007931200000] [id=6456]

Stack: [0x0000007931100000,0x0000007931200000]
Native frames: (J=compiled Java code, j=interpreted, Vv=VM code, C=native code)
V  [jvm.dll+0x683bfa]
V  [jvm.dll+0x8430a4]
V  [jvm.dll+0x8449be]
V  [jvm.dll+0x845023]
V  [jvm.dll+0x24ad2f]
V  [jvm.dll+0x680ac9]
V  [jvm.dll+0x67519a]
V  [jvm.dll+0x30b3cb]
V  [jvm.dll+0x312876]
V  [jvm.dll+0x36221e]
V  [jvm.dll+0x36244f]
V  [jvm.dll+0x2e14a8]
V  [jvm.dll+0x2e4596]
V  [jvm.dll+0x2eed58]
V  [jvm.dll+0x323a40]
V  [jvm.dll+0x8496eb]
V  [jvm.dll+0x84a424]
V  [jvm.dll+0x84a93d]
V  [jvm.dll+0x84ad14]
V  [jvm.dll+0x84ade0]
V  [jvm.dll+0x7f2aea]
V  [jvm.dll+0x682a35]
C  [ucrtbase.dll+0x21bb2]
C  [KERNEL32.DLL+0x17344]
C  [ntdll.dll+0x526b1]

VM_Operation (0x0000007930dff890): G1Concurrent, mode: safepoint, requested by thread 0x000001eb18b412e0


---------------  P R O C E S S  ---------------

Threads class SMR info:
_java_thread_list=0x000001eb38294f20, length=53, elements={
0x000001eb18ad4630, 0x000001eb32ac5a30, 0x000001eb32ac64f0, 0x000001eb32addf40,
0x000001eb32adea00, 0x000001eb32adf2c0, 0x000001eb32aefb60, 0x000001eb32af0410,
0x000001eb32af0dc0, 0x000001eb32af16c0, 0x000001eb32b75e90, 0x000001eb32dd91a0,
0x000001eb3705aed0, 0x000001eb37c4a020, 0x000001eb37c1b3a0, 0x000001eb38478920,
0x000001eb3938e8e0, 0x000001eb389698d0, 0x000001eb383dbab0, 0x000001eb383d9900,
0x000001eb383d9dd0, 0x000001eb383d9430, 0x000001eb383da770, 0x000001eb383dac40,
0x000001eb383da2a0, 0x000001eb383db110, 0x000001eb383dc920, 0x000001eb383db5e0,
0x000001eb383dbf80, 0x000001eb383dc450, 0x000001eb383d8f60, 0x000001eb3a1368f0,
0x000001eb3a12ff10, 0x000001eb3a134270, 0x000001eb3a134740, 0x000001eb3a132a60,
0x000001eb3a1350e0, 0x000001eb3a131bf0, 0x000001eb3a1338d0, 0x000001eb3a132590,
0x000001eb3a133da0, 0x000001eb3a131720, 0x000001eb3a1303e0, 0x000001eb3a132f30,
0x000001eb3a134c10, 0x000001eb3a1355b0, 0x000001eb3a1308b0, 0x000001eb3a135f50,
0x000001eb3a136dc0, 0x000001eb3a137290, 0x000001eb3a12fa40, 0x000001eb3a130d80,
0x000001eb37b11340
}

Java Threads: ( => current thread )
  0x000001eb18ad4630 JavaThread "main" [_thread_blocked, id=13232, stack(0x0000007930b00000,0x0000007930c00000)]
  0x000001eb32ac5a30 JavaThread "Reference Handler" daemon [_thread_blocked, id=14072, stack(0x0000007931200000,0x0000007931300000)]
  0x000001eb32ac64f0 JavaThread "Finalizer" daemon [_thread_blocked, id=8496, stack(0x0000007931300000,0x0000007931400000)]
  0x000001eb32addf40 JavaThread "Signal Dispatcher" daemon [_thread_blocked, id=15312, stack(0x0000007931400000,0x0000007931500000)]
  0x000001eb32adea00 JavaThread "Attach Listener" daemon [_thread_blocked, id=15308, stack(0x0000007931500000,0x0000007931600000)]
  0x000001eb32adf2c0 JavaThread "Service Thread" daemon [_thread_blocked, id=3276, stack(0x0000007931600000,0x0000007931700000)]
  0x000001eb32aefb60 JavaThread "Monitor Deflation Thread" daemon [_thread_blocked, id=2332, stack(0x0000007931700000,0x0000007931800000)]
  0x000001eb32af0410 JavaThread "C2 CompilerThread0" daemon [_thread_blocked, id=13480, stack(0x0000007931800000,0x0000007931900000)]
  0x000001eb32af0dc0 JavaThread "C1 CompilerThread0" daemon [_thread_blocked, id=6708, stack(0x0000007931900000,0x0000007931a00000)]
  0x000001eb32af16c0 JavaThread "Sweeper thread" daemon [_thread_blocked, id=3400, stack(0x0000007931a00000,0x0000007931b00000)]
  0x000001eb32b75e90 JavaThread "Common-Cleaner" daemon [_thread_blocked, id=7784, stack(0x0000007931b00000,0x0000007931c00000)]
  0x000001eb32dd91a0 JavaThread "Notification Thread" daemon [_thread_blocked, id=12516, stack(0x0000007931c00000,0x0000007931d00000)]
  0x000001eb3705aed0 JavaThread "C2 CompilerThread1" daemon [_thread_blocked, id=1708, stack(0x0000007931e00000,0x0000007931f00000)]
  0x000001eb37c4a020 JavaThread "Daemon health stats" [_thread_blocked, id=10396, stack(0x0000007932300000,0x0000007932400000)]
  0x000001eb37c1b3a0 JavaThread "Incoming local TCP Connector on port 57894" [_thread_in_native, id=14632, stack(0x0000007932400000,0x0000007932500000)]
  0x000001eb38478920 JavaThread "Daemon periodic checks" [_thread_blocked, id=5176, stack(0x0000007932500000,0x0000007932600000)]
  0x000001eb3938e8e0 JavaThread "Daemon" [_thread_blocked, id=3444, stack(0x0000007932600000,0x0000007932700000)]
  0x000001eb389698d0 JavaThread "Handler for socket connection from /127.0.0.1:57894 to /127.0.0.1:57895" [_thread_in_native, id=10016, stack(0x0000007932700000,0x0000007932800000)]
  0x000001eb383dbab0 JavaThread "Cancel handler" [_thread_blocked, id=2844, stack(0x0000007932800000,0x0000007932900000)]
  0x000001eb383d9900 JavaThread "Daemon worker" [_thread_blocked, id=14936, stack(0x0000007932900000,0x0000007932a00000)]
  0x000001eb383d9dd0 JavaThread "Asynchronous log dispatcher for DefaultDaemonConnection: socket connection from /127.0.0.1:57894 to /127.0.0.1:57895" [_thread_blocked, id=32, stack(0x0000007932a00000,0x0000007932b00000)]
  0x000001eb383d9430 JavaThread "Stdin handler" [_thread_blocked, id=4108, stack(0x0000007932b00000,0x0000007932c00000)]
  0x000001eb383da770 JavaThread "Daemon client event forwarder" [_thread_blocked, id=15456, stack(0x0000007932c00000,0x0000007932d00000)]
  0x000001eb383dac40 JavaThread "Cache worker for journal cache (C:\Users\Huynh Huu Nghia\.gradle\caches\journal-1)" [_thread_blocked, id=15820, stack(0x0000007933100000,0x0000007933200000)]
  0x000001eb383da2a0 JavaThread "File lock request listener" [_thread_in_native, id=11784, stack(0x0000007933200000,0x0000007933300000)]
  0x000001eb383db110 JavaThread "Cache worker for file hash cache (C:\Users\Huynh Huu Nghia\.gradle\caches\8.2\fileHashes)" [_thread_blocked, id=7308, stack(0x0000007933300000,0x0000007933400000)]
  0x000001eb383dc920 JavaThread "File watcher server" daemon [_thread_in_native, id=7284, stack(0x0000007933400000,0x0000007933500000)]
  0x000001eb383db5e0 JavaThread "File watcher consumer" daemon [_thread_blocked, id=10676, stack(0x0000007933500000,0x0000007933600000)]
  0x000001eb383dbf80 JavaThread "Cache worker for checksums cache (C:\IT\MyYoloV8App\.gradle\8.2\checksums)" [_thread_blocked, id=2820, stack(0x0000007933600000,0x0000007933700000)]
  0x000001eb383dc450 JavaThread "Cache worker for cache directory md-rule (C:\Users\Huynh Huu Nghia\.gradle\caches\8.2\md-rule)" [_thread_blocked, id=3040, stack(0x0000007933700000,0x0000007933800000)]
  0x000001eb383d8f60 JavaThread "Cache worker for file content cache (C:\Users\Huynh Huu Nghia\.gradle\caches\8.2\fileContent)" [_thread_blocked, id=7000, stack(0x0000007933800000,0x0000007933900000)]
  0x000001eb3a1368f0 JavaThread "Cache worker for file hash cache (C:\IT\MyYoloV8App\.gradle\8.2\fileHashes)" [_thread_blocked, id=3028, stack(0x0000007933900000,0x0000007933a00000)]
  0x000001eb3a12ff10 JavaThread "Cache worker for cache directory md-supplier (C:\Users\Huynh Huu Nghia\.gradle\caches\8.2\md-supplier)" [_thread_blocked, id=8892, stack(0x0000007933a00000,0x0000007933b00000)]
  0x000001eb3a134270 JavaThread "Cache worker for execution history cache (C:\Users\Huynh Huu Nghia\.gradle\caches\8.2\executionHistory)" [_thread_blocked, id=4544, stack(0x0000007933b00000,0x0000007933c00000)]
  0x000001eb3a134740 JavaThread "jar transforms" [_thread_blocked, id=8960, stack(0x0000007933c00000,0x0000007933d00000)]
  0x000001eb3a132a60 JavaThread "jar transforms Thread 2" [_thread_blocked, id=11856, stack(0x0000007933d00000,0x0000007933e00000)]
  0x000001eb3a1350e0 JavaThread "jar transforms Thread 3" [_thread_blocked, id=5848, stack(0x0000007933e00000,0x0000007933f00000)]
  0x000001eb3a131bf0 JavaThread "jar transforms Thread 4" [_thread_blocked, id=936, stack(0x0000007933f00000,0x0000007934000000)]
  0x000001eb3a1338d0 JavaThread "Cache worker for dependencies-accessors (C:\IT\MyYoloV8App\.gradle\8.2\dependencies-accessors)" [_thread_blocked, id=7512, stack(0x0000007934000000,0x0000007934100000)]
  0x000001eb3a132590 JavaThread "jar transforms Thread 5" [_thread_blocked, id=15088, stack(0x0000007934100000,0x0000007934200000)]
  0x000001eb3a133da0 JavaThread "Cache worker for Build Output Cleanup Cache (C:\IT\MyYoloV8App\.gradle\buildOutputCleanup)" [_thread_blocked, id=552, stack(0x0000007934200000,0x0000007934300000)]
  0x000001eb3a131720 JavaThread "Unconstrained build operations" [_thread_blocked, id=7900, stack(0x0000007934300000,0x0000007934400000)]
  0x000001eb3a1303e0 JavaThread "Unconstrained build operations Thread 2" [_thread_blocked, id=10332, stack(0x0000007934400000,0x0000007934500000)]
  0x000001eb3a132f30 JavaThread "Unconstrained build operations Thread 3" [_thread_blocked, id=15988, stack(0x0000007934500000,0x0000007934600000)]
  0x000001eb3a134c10 JavaThread "Unconstrained build operations Thread 4" [_thread_blocked, id=2524, stack(0x0000007934600000,0x0000007934700000)]
  0x000001eb3a1355b0 JavaThread "Unconstrained build operations Thread 5" [_thread_blocked, id=6816, stack(0x0000007934700000,0x0000007934800000)]
  0x000001eb3a1308b0 JavaThread "Unconstrained build operations Thread 6" [_thread_blocked, id=15792, stack(0x0000007934800000,0x0000007934900000)]
  0x000001eb3a135f50 JavaThread "Unconstrained build operations Thread 7" [_thread_blocked, id=13208, stack(0x0000007934900000,0x0000007934a00000)]
  0x000001eb3a136dc0 JavaThread "jar transforms Thread 6" [_thread_blocked, id=3528, stack(0x0000007934a00000,0x0000007934b00000)]
  0x000001eb3a137290 JavaThread "jar transforms Thread 7" [_thread_blocked, id=4264, stack(0x0000007934b00000,0x0000007934c00000)]
  0x000001eb3a12fa40 JavaThread "jar transforms Thread 8" [_thread_blocked, id=1892, stack(0x0000007934c00000,0x0000007934d00000)]
  0x000001eb3a130d80 JavaThread "build event listener" [_thread_blocked, id=3412, stack(0x0000007934d00000,0x0000007934e00000)]
  0x000001eb37b11340 JavaThread "Memory manager" [_thread_blocked, id=9864, stack(0x0000007934e00000,0x0000007934f00000)]

Other Threads:
=>0x000001eb329005c0 VMThread "VM Thread" [stack: 0x0000007931100000,0x0000007931200000] [id=6456]
  0x000001eb18b59eb0 WatcherThread [stack: 0x0000007931d00000,0x0000007931e00000] [id=10124]
  0x000001eb18b30490 GCTaskThread "GC Thread#0" [stack: 0x0000007930c00000,0x0000007930d00000] [id=13896]
  0x000001eb37061400 GCTaskThread "GC Thread#1" [stack: 0x0000007931f00000,0x0000007932000000] [id=11876]
  0x000001eb374e5040 GCTaskThread "GC Thread#2" [stack: 0x0000007932000000,0x0000007932100000] [id=12336]
  0x000001eb3740b880 GCTaskThread "GC Thread#3" [stack: 0x0000007932100000,0x0000007932200000] [id=10164]
  0x000001eb37b4e5d0 GCTaskThread "GC Thread#4" [stack: 0x0000007932200000,0x0000007932300000] [id=3112]
  0x000001eb37cc2490 GCTaskThread "GC Thread#5" [stack: 0x0000007932d00000,0x0000007932e00000] [id=5908]
  0x000001eb390f4520 GCTaskThread "GC Thread#6" [stack: 0x0000007932e00000,0x0000007932f00000] [id=9532]
  0x000001eb390f47d0 GCTaskThread "GC Thread#7" [stack: 0x0000007932f00000,0x0000007933000000] [id=6440]
  0x000001eb18b412e0 ConcurrentGCThread "G1 Main Marker" [stack: 0x0000007930d00000,0x0000007930e00000] [id=6376]
  0x000001eb18b41c00 ConcurrentGCThread "G1 Conc#0" [stack: 0x0000007930e00000,0x0000007930f00000] [id=15324]
  0x000001eb386fc2c0 ConcurrentGCThread "G1 Conc#1" [stack: 0x0000007933000000,0x0000007933100000] [id=13296]
  0x000001eb18b9e350 ConcurrentGCThread "G1 Refine#0" [stack: 0x0000007930f00000,0x0000007931000000] [id=12756]
  0x000001eb18b9ec80 ConcurrentGCThread "G1 Service" [stack: 0x0000007931000000,0x0000007931100000] [id=6924]

Threads with active compile tasks:
C2 CompilerThread0     6497 6244 %     4       sun.security.provider.SHA::implCompress0 @ 137 (506 bytes)
C2 CompilerThread1     6497 6158   !   4       java.util.jar.Attributes::read (494 bytes)

VM state: at safepoint (normal execution)

VM Mutex/Monitor currently owned by a thread:  ([mutex/lock_event])
[0x000001eb18acffb0] Threads_lock - owner thread: 0x000001eb329005c0
[0x000001eb18acf500] Heap_lock - owner thread: 0x000001eb18b412e0

Heap address: 0x0000000080000000, size: 2048 MB, Compressed Oops mode: 32-bit

CDS archive(s) not mapped
Compressed class space mapped at: 0x0000000100000000-0x0000000140000000, reserved size: 1073741824
Narrow klass base: 0x0000000000000000, Narrow klass shift: 3, Narrow klass range: 0x140000000

GC Precious Log:
 CPUs: 8 total, 8 available
 Memory: 7969M
 Large Page Support: Disabled
 NUMA Support: Disabled
 Compressed Oops: Enabled (32-bit)
 Heap Region Size: 1M
 Heap Min Capacity: 8M
 Heap Initial Capacity: 126M
 Heap Max Capacity: 2G
 Pre-touch: Disabled
 Parallel Workers: 8
 Concurrent Workers: 2
 Concurrent Refinement Workers: 8
 Periodic GC: Disabled

Heap:
 garbage-first heap   total 91136K, used 66098K [0x0000000080000000, 0x0000000100000000)
  region size 1024K, 13 young (13312K), 4 survivors (4096K)
 Metaspace       used 64020K, committed 64512K, reserved 1114112K
  class space    used 8515K, committed 8704K, reserved 1048576K

Heap Regions: E=young(eden), S=young(survivor), O=old, HS=humongous(starts), HC=humongous(continues), CS=collection set, F=free, OA=open archive, CA=closed archive, TAMS=top-at-mark-start (previous, next)
|   0|0x0000000080000000, 0x0000000080100000, 0x0000000080100000|100%|HS|  |TAMS 0x0000000080100000, 0x0000000080000000| Complete 
|   1|0x0000000080100000, 0x0000000080200000, 0x0000000080200000|100%|HC|  |TAMS 0x0000000080200000, 0x0000000080100000| Complete 
|   2|0x0000000080200000, 0x0000000080300000, 0x0000000080300000|100%|HC|  |TAMS 0x0000000080300000, 0x0000000080200000| Complete 
|   3|0x0000000080300000, 0x0000000080400000, 0x0000000080400000|100%|HC|  |TAMS 0x0000000080400000, 0x0000000080300000| Complete 
|   4|0x0000000080400000, 0x0000000080500000, 0x0000000080500000|100%| O|  |TAMS 0x0000000080500000, 0x0000000080400000| Untracked 
|   5|0x0000000080500000, 0x0000000080600000, 0x0000000080600000|100%| O|  |TAMS 0x0000000080600000, 0x0000000080500000| Untracked 
|   6|0x0000000080600000, 0x0000000080700000, 0x0000000080700000|100%| O|  |TAMS 0x0000000080700000, 0x0000000080600000| Untracked 
|   7|0x0000000080700000, 0x0000000080800000, 0x0000000080800000|100%| O|  |TAMS 0x0000000080800000, 0x0000000080700000| Untracked 
|   8|0x0000000080800000, 0x0000000080900000, 0x0000000080900000|100%| O|  |TAMS 0x0000000080900000, 0x0000000080800000| Untracked 
|   9|0x0000000080900000, 0x0000000080a00000, 0x0000000080a00000|100%| O|  |TAMS 0x0000000080a00000, 0x0000000080900000| Untracked 
|  10|0x0000000080a00000, 0x0000000080b00000, 0x0000000080b00000|100%| O|  |TAMS 0x0000000080b00000, 0x0000000080a00000| Untracked 
|  11|0x0000000080b00000, 0x0000000080c00000, 0x0000000080c00000|100%| O|  |TAMS 0x0000000080c00000, 0x0000000080b00000| Untracked 
|  12|0x0000000080c00000, 0x0000000080d00000, 0x0000000080d00000|100%| O|  |TAMS 0x0000000080d00000, 0x0000000080c00000| Untracked 
|  13|0x0000000080d00000, 0x0000000080e00000, 0x0000000080e00000|100%| O|  |TAMS 0x0000000080e00000, 0x0000000080d00000| Updating 
|  14|0x0000000080e00000, 0x0000000080f00000, 0x0000000080f00000|100%| O|  |TAMS 0x0000000080f00000, 0x0000000080e00000| Untracked 
|  15|0x0000000080f00000, 0x0000000081000000, 0x0000000081000000|100%| O|  |TAMS 0x0000000081000000, 0x0000000080f00000| Untracked 
|  16|0x0000000081000000, 0x0000000081100000, 0x0000000081100000|100%| O|  |TAMS 0x0000000081100000, 0x0000000081000000| Untracked 
|  17|0x0000000081100000, 0x0000000081200000, 0x0000000081200000|100%| O|  |TAMS 0x0000000081200000, 0x0000000081100000| Untracked 
|  18|0x0000000081200000, 0x0000000081300000, 0x0000000081300000|100%| O|  |TAMS 0x0000000081300000, 0x0000000081200000| Untracked 
|  19|0x0000000081300000, 0x0000000081400000, 0x0000000081400000|100%| O|  |TAMS 0x0000000081400000, 0x0000000081300000| Untracked 
|  20|0x0000000081400000, 0x00000000814a3400, 0x0000000081500000| 63%| O|  |TAMS 0x00000000814a3400, 0x0000000081400000| Updating 
|  21|0x0000000081500000, 0x0000000081600000, 0x0000000081600000|100%| O|  |TAMS 0x0000000081600000, 0x0000000081500000| Updating 
|  22|0x0000000081600000, 0x0000000081700000, 0x0000000081700000|100%|HS|  |TAMS 0x0000000081700000, 0x0000000081600000| Complete 
|  23|0x0000000081700000, 0x0000000081800000, 0x0000000081800000|100%|HS|  |TAMS 0x0000000081800000, 0x0000000081700000| Complete 
|  24|0x0000000081800000, 0x0000000081900000, 0x0000000081900000|100%| O|  |TAMS 0x0000000081900000, 0x0000000081800000| Untracked 
|  25|0x0000000081900000, 0x0000000081a00000, 0x0000000081a00000|100%| O|  |TAMS 0x0000000081a00000, 0x0000000081900000| Untracked 
|  26|0x0000000081a00000, 0x0000000081b00000, 0x0000000081b00000|100%| O|  |TAMS 0x0000000081b00000, 0x0000000081a00000| Updating 
|  27|0x0000000081b00000, 0x0000000081c00000, 0x0000000081c00000|100%| O|  |TAMS 0x0000000081c00000, 0x0000000081b00000| Untracked 
|  28|0x0000000081c00000, 0x0000000081d00000, 0x0000000081d00000|100%|HS|  |TAMS 0x0000000081d00000, 0x0000000081c00000| Complete 
|  29|0x0000000081d00000, 0x0000000081e00000, 0x0000000081e00000|100%| O|  |TAMS 0x0000000081e00000, 0x0000000081d00000| Updating 
|  30|0x0000000081e00000, 0x0000000081f00000, 0x0000000081f00000|100%|HS|  |TAMS 0x0000000081f00000, 0x0000000081e00000| Complete 
|  31|0x0000000081f00000, 0x0000000082000000, 0x0000000082000000|100%|HS|  |TAMS 0x0000000082000000, 0x0000000081f00000| Complete 
|  32|0x0000000082000000, 0x0000000082100000, 0x0000000082100000|100%| O|  |TAMS 0x0000000082100000, 0x0000000082000000| Untracked 
|  33|0x0000000082100000, 0x0000000082200000, 0x0000000082200000|100%| O|  |TAMS 0x0000000082200000, 0x0000000082100000| Untracked 
|  34|0x0000000082200000, 0x0000000082300000, 0x0000000082300000|100%| O|  |TAMS 0x0000000082300000, 0x0000000082200000| Untracked 
|  35|0x0000000082300000, 0x0000000082400000, 0x0000000082400000|100%| O|  |TAMS 0x0000000082400000, 0x0000000082300000| Untracked 
|  36|0x0000000082400000, 0x0000000082500000, 0x0000000082500000|100%| O|  |TAMS 0x0000000082500000, 0x0000000082400000| Untracked 
|  37|0x0000000082500000, 0x0000000082600000, 0x0000000082600000|100%| O|  |TAMS 0x0000000082600000, 0x0000000082500000| Untracked 
|  38|0x0000000082600000, 0x0000000082700000, 0x0000000082700000|100%| O|  |TAMS 0x0000000082700000, 0x0000000082600000| Untracked 
|  39|0x0000000082700000, 0x0000000082800000, 0x0000000082800000|100%| O|  |TAMS 0x0000000082800000, 0x0000000082700000| Untracked 
|  40|0x0000000082800000, 0x0000000082900000, 0x0000000082900000|100%| O|  |TAMS 0x0000000082900000, 0x0000000082800000| Untracked 
|  41|0x0000000082900000, 0x0000000082a00000, 0x0000000082a00000|100%| O|  |TAMS 0x0000000082a00000, 0x0000000082900000| Untracked 
|  42|0x0000000082a00000, 0x0000000082b00000, 0x0000000082b00000|100%| O|  |TAMS 0x0000000082b00000, 0x0000000082a00000| Untracked 
|  43|0x0000000082b00000, 0x0000000082c00000, 0x0000000082c00000|100%| O|  |TAMS 0x0000000082c00000, 0x0000000082b00000| Untracked 
|  44|0x0000000082c00000, 0x0000000082d00000, 0x0000000082d00000|100%| O|  |TAMS 0x0000000082d00000, 0x0000000082c00000| Untracked 
|  45|0x0000000082d00000, 0x0000000082e00000, 0x0000000082e00000|100%| O|  |TAMS 0x0000000082e00000, 0x0000000082d00000| Untracked 
|  46|0x0000000082e00000, 0x0000000082f00000, 0x0000000082f00000|100%| O|  |TAMS 0x0000000082f00000, 0x0000000082e00000| Untracked 
|  47|0x0000000082f00000, 0x0000000083000000, 0x0000000083000000|100%| O|  |TAMS 0x0000000083000000, 0x0000000082f00000| Untracked 
|  48|0x0000000083000000, 0x0000000083100000, 0x0000000083100000|100%| O|  |TAMS 0x0000000083100000, 0x0000000083000000| Updating 
|  49|0x0000000083100000, 0x0000000083184c00, 0x0000000083200000| 51%| O|  |TAMS 0x0000000083100000, 0x0000000083100000| Updating 
|  50|0x0000000083200000, 0x0000000083300000, 0x0000000083300000|100%|HS|  |TAMS 0x0000000083200000, 0x0000000083200000| Complete 
|  51|0x0000000083300000, 0x0000000083400000, 0x0000000083400000|100%|HS|  |TAMS 0x0000000083300000, 0x0000000083300000| Complete 
|  52|0x0000000083400000, 0x0000000083500000, 0x0000000083500000|100%|HS|  |TAMS 0x0000000083400000, 0x0000000083400000| Complete 
|  53|0x0000000083500000, 0x0000000083600000, 0x0000000083600000|100%|HS|  |TAMS 0x0000000083500000, 0x0000000083500000| Complete 
|  54|0x0000000083600000, 0x0000000083600000, 0x0000000083700000|  0%| F|  |TAMS 0x0000000083600000, 0x0000000083600000| Untracked 
|  55|0x0000000083700000, 0x0000000083700000, 0x0000000083800000|  0%| F|  |TAMS 0x0000000083700000, 0x0000000083700000| Untracked 
|  56|0x0000000083800000, 0x0000000083800000, 0x0000000083900000|  0%| F|  |TAMS 0x0000000083800000, 0x0000000083800000| Untracked 
|  57|0x0000000083900000, 0x0000000083900000, 0x0000000083a00000|  0%| F|  |TAMS 0x0000000083900000, 0x0000000083900000| Untracked 
|  58|0x0000000083a00000, 0x0000000083a00000, 0x0000000083b00000|  0%| F|  |TAMS 0x0000000083a00000, 0x0000000083a00000| Untracked 
|  59|0x0000000083b00000, 0x0000000083b00000, 0x0000000083c00000|  0%| F|  |TAMS 0x0000000083b00000, 0x0000000083b00000| Untracked 
|  60|0x0000000083c00000, 0x0000000083c00000, 0x0000000083d00000|  0%| F|  |TAMS 0x0000000083c00000, 0x0000000083c00000| Untracked 
|  61|0x0000000083d00000, 0x0000000083d00000, 0x0000000083e00000|  0%| F|  |TAMS 0x0000000083d00000, 0x0000000083d00000| Untracked 
|  62|0x0000000083e00000, 0x0000000083e00000, 0x0000000083f00000|  0%| F|  |TAMS 0x0000000083e00000, 0x0000000083e00000| Untracked 
|  63|0x0000000083f00000, 0x0000000083f00000, 0x0000000084000000|  0%| F|  |TAMS 0x0000000083f00000, 0x0000000083f00000| Untracked 
|  64|0x0000000084000000, 0x0000000084000000, 0x0000000084100000|  0%| F|  |TAMS 0x0000000084000000, 0x0000000084000000| Untracked 
|  65|0x0000000084100000, 0x0000000084100000, 0x0000000084200000|  0%| F|  |TAMS 0x0000000084100000, 0x0000000084100000| Untracked 
|  66|0x0000000084200000, 0x0000000084200000, 0x0000000084300000|  0%| F|  |TAMS 0x0000000084200000, 0x0000000084200000| Untracked 
|  67|0x0000000084300000, 0x0000000084300000, 0x0000000084400000|  0%| F|  |TAMS 0x0000000084300000, 0x0000000084300000| Untracked 
|  68|0x0000000084400000, 0x0000000084400000, 0x0000000084500000|  0%| F|  |TAMS 0x0000000084400000, 0x0000000084400000| Untracked 
|  69|0x0000000084500000, 0x0000000084500000, 0x0000000084600000|  0%| F|  |TAMS 0x0000000084500000, 0x0000000084500000| Untracked 
|  70|0x0000000084600000, 0x0000000084600000, 0x0000000084700000|  0%| F|  |TAMS 0x0000000084600000, 0x0000000084600000| Untracked 
|  71|0x0000000084700000, 0x0000000084700000, 0x0000000084800000|  0%| F|  |TAMS 0x0000000084700000, 0x0000000084700000| Untracked 
|  72|0x0000000084800000, 0x0000000084800000, 0x0000000084900000|  0%| F|  |TAMS 0x0000000084800000, 0x0000000084800000| Untracked 
|  73|0x0000000084900000, 0x0000000084900000, 0x0000000084a00000|  0%| F|  |TAMS 0x0000000084900000, 0x0000000084900000| Untracked 
|  74|0x0000000084a00000, 0x0000000084a00000, 0x0000000084b00000|  0%| F|  |TAMS 0x0000000084a00000, 0x0000000084a00000| Untracked 
|  75|0x0000000084b00000, 0x0000000084b00000, 0x0000000084c00000|  0%| F|  |TAMS 0x0000000084b00000, 0x0000000084b00000| Untracked 
|  76|0x0000000084c00000, 0x0000000084c64ad0, 0x0000000084d00000| 39%| S|CS|TAMS 0x0000000084c00000, 0x0000000084c00000| Complete 
|  77|0x0000000084d00000, 0x0000000084e00000, 0x0000000084e00000|100%| S|CS|TAMS 0x0000000084d00000, 0x0000000084d00000| Complete 
|  78|0x0000000084e00000, 0x0000000084f00000, 0x0000000084f00000|100%| S|CS|TAMS 0x0000000084e00000, 0x0000000084e00000| Complete 
|  79|0x0000000084f00000, 0x0000000085000000, 0x0000000085000000|100%| S|CS|TAMS 0x0000000084f00000, 0x0000000084f00000| Complete 
|  80|0x0000000085000000, 0x00000000850656b8, 0x0000000085100000| 39%| E|  |TAMS 0x0000000085000000, 0x0000000085000000| Complete 
|  81|0x0000000085100000, 0x0000000085200000, 0x0000000085200000|100%| E|CS|TAMS 0x0000000085100000, 0x0000000085100000| Complete 
|  82|0x0000000085200000, 0x0000000085300000, 0x0000000085300000|100%| E|CS|TAMS 0x0000000085200000, 0x0000000085200000| Complete 
|  83|0x0000000085300000, 0x0000000085400000, 0x0000000085400000|100%| E|CS|TAMS 0x0000000085300000, 0x0000000085300000| Complete 
|  84|0x0000000085400000, 0x0000000085500000, 0x0000000085500000|100%| E|CS|TAMS 0x0000000085400000, 0x0000000085400000| Complete 
|  85|0x0000000085500000, 0x0000000085600000, 0x0000000085600000|100%| E|CS|TAMS 0x0000000085500000, 0x0000000085500000| Complete 
|  86|0x0000000085600000, 0x0000000085700000, 0x0000000085700000|100%| E|CS|TAMS 0x0000000085600000, 0x0000000085600000| Complete 
|  87|0x0000000085700000, 0x0000000085800000, 0x0000000085800000|100%| E|CS|TAMS 0x0000000085700000, 0x0000000085700000| Complete 
| 125|0x0000000087d00000, 0x0000000087e00000, 0x0000000087e00000|100%| E|CS|TAMS 0x0000000087d00000, 0x0000000087d00000| Complete 

Card table byte_map: [0x000001eb2b6e0000,0x000001eb2bae0000] _byte_map_base: 0x000001eb2b2e0000

Marking Bits (Prev, Next): (CMBitMap*) 0x000001eb18b309f0, (CMBitMap*) 0x000001eb18b309b0
 Prev Bits: [0x000001eb2dee0000, 0x000001eb2fee0000)
 Next Bits: [0x000001eb2bee0000, 0x000001eb2dee0000)

Polling page: 0x000001eb16a60000

Metaspace:

Usage:
  Non-class:     54.20 MB used.
      Class:      8.32 MB used.
       Both:     62.52 MB used.

Virtual space:
  Non-class space:       64.00 MB reserved,      54.50 MB ( 85%) committed,  1 nodes.
      Class space:        1.00 GB reserved,       8.50 MB ( <1%) committed,  1 nodes.
             Both:        1.06 GB reserved,      63.00 MB (  6%) committed. 

Chunk freelists:
   Non-Class:  8.99 MB
       Class:  7.51 MB
        Both:  16.50 MB

MaxMetaspaceSize: unlimited
CompressedClassSpaceSize: 1.00 GB
Initial GC threshold: 21.00 MB
Current GC threshold: 97.75 MB
CDS: off
MetaspaceReclaimPolicy: balanced
 - commit_granule_bytes: 65536.
 - commit_granule_words: 8192.
 - virtual_space_node_default_size: 8388608.
 - enlarge_chunks_in_place: 1.
 - new_chunks_are_fully_committed: 0.
 - uncommit_free_chunks: 1.
 - use_allocation_guard: 0.
 - handle_deallocations: 1.


Internal statistics:

num_allocs_failed_limit: 6.
num_arena_births: 604.
num_arena_deaths: 0.
num_vsnodes_births: 2.
num_vsnodes_deaths: 0.
num_space_committed: 1008.
num_space_uncommitted: 0.
num_chunks_returned_to_freelist: 6.
num_chunks_taken_from_freelist: 2668.
num_chunk_merges: 6.
num_chunk_splits: 1778.
num_chunks_enlarged: 1225.
num_inconsistent_stats: 0.

CodeHeap 'non-profiled nmethods': size=120000Kb used=2893Kb max_used=3341Kb free=117106Kb
 bounds [0x000001eb23a80000, 0x000001eb23dd0000, 0x000001eb2afb0000]
CodeHeap 'profiled nmethods': size=120000Kb used=10277Kb max_used=11233Kb free=109722Kb
 bounds [0x000001eb1bfb0000, 0x000001eb1cab0000, 0x000001eb234e0000]
CodeHeap 'non-nmethods': size=5760Kb used=2359Kb max_used=2396Kb free=3400Kb
 bounds [0x000001eb234e0000, 0x000001eb23750000, 0x000001eb23a80000]
 total_blobs=6287 nmethods=5417 adapters=782
 compilation: enabled
              stopped_count=0, restarted_count=0
 full_count=0

Compilation events (20 events):
Event: 6.438 Thread 0x000001eb32af0dc0 6230       3       java.nio.charset.CharsetDecoder::implOnMalformedInput (1 bytes)
Event: 6.438 Thread 0x000001eb32af0dc0 nmethod 6230 0x000001eb1c859090 code [0x000001eb1c859220, 0x000001eb1c859338]
Event: 6.438 Thread 0x000001eb32af0dc0 6231       3       java.nio.charset.CharsetDecoder::onUnmappableCharacter (26 bytes)
Event: 6.438 Thread 0x000001eb32af0dc0 nmethod 6231 0x000001eb1c0d6710 code [0x000001eb1c0d68c0, 0x000001eb1c0d6c08]
Event: 6.438 Thread 0x000001eb32af0dc0 6232       3       java.nio.charset.CharsetDecoder::implOnUnmappableCharacter (1 bytes)
Event: 6.439 Thread 0x000001eb32af0dc0 nmethod 6232 0x000001eb1c89fa10 code [0x000001eb1c89fba0, 0x000001eb1c89fcb8]
Event: 6.448 Thread 0x000001eb32af0410 nmethod 6222% 0x000001eb23b3e190 code [0x000001eb23b3e320, 0x000001eb23b3ebb8]
Event: 6.448 Thread 0x000001eb32af0410 6213 %     4       java.math.BigInteger::implMultiplyToLen @ 135 (216 bytes)
Event: 6.461 Thread 0x000001eb32af0410 nmethod 6213% 0x000001eb23b3d810 code [0x000001eb23b3d9a0, 0x000001eb23b3def8]
Event: 6.461 Thread 0x000001eb32af0410 6233       4       java.util.jar.Manifest$FastInputStream::readLine (296 bytes)
Event: 6.472 Thread 0x000001eb32af0410 nmethod 6233 0x000001eb23d6bc10 code [0x000001eb23d6bdc0, 0x000001eb23d6c548]
Event: 6.472 Thread 0x000001eb32af0410 6234       4       sun.security.util.ManifestDigester::findSection (181 bytes)
Event: 6.473 Thread 0x000001eb32af0dc0 6240       3       sun.security.util.DerValue::toDigit (51 bytes)
Event: 6.474 Thread 0x000001eb32af0dc0 nmethod 6240 0x000001eb1c593d90 code [0x000001eb1c593fe0, 0x000001eb1c594708]
Event: 6.474 Thread 0x000001eb32af0dc0 6241       3       sun.security.util.DerValue::getOID (76 bytes)
Event: 6.474 Thread 0x000001eb32af0dc0 nmethod 6241 0x000001eb1c066d90 code [0x000001eb1c066fe0, 0x000001eb1c067738]
Event: 6.474 Thread 0x000001eb32af0dc0 6242       3       sun.security.util.ObjectIdentifier::<init> (39 bytes)
Event: 6.474 Thread 0x000001eb32af0dc0 nmethod 6242 0x000001eb1c066810 code [0x000001eb1c0669c0, 0x000001eb1c066c78]
Event: 6.475 Thread 0x000001eb32af0410 nmethod 6234 0x000001eb23d3fb10 code [0x000001eb23d3fca0, 0x000001eb23d3ff58]
Event: 6.475 Thread 0x000001eb32af0410 6244 %     4       sun.security.provider.SHA::implCompress0 @ 137 (506 bytes)

GC Heap History (20 events):
Event: 3.728 GC heap before
{Heap before GC invocations=9 (full 0):
 garbage-first heap   total 86016K, used 68920K [0x0000000080000000, 0x0000000100000000)
  region size 1024K, 49 young (50176K), 4 survivors (4096K)
 Metaspace       used 41784K, committed 42176K, reserved 1114112K
  class space    used 5555K, committed 5696K, reserved 1048576K
}
Event: 3.734 GC heap after
{Heap after GC invocations=10 (full 0):
 garbage-first heap   total 86016K, used 29252K [0x0000000080000000, 0x0000000100000000)
  region size 1024K, 7 young (7168K), 7 survivors (7168K)
 Metaspace       used 41784K, committed 42176K, reserved 1114112K
  class space    used 5555K, committed 5696K, reserved 1048576K
}
Event: 4.149 GC heap before
{Heap before GC invocations=10 (full 0):
 garbage-first heap   total 86016K, used 69188K [0x0000000080000000, 0x0000000100000000)
  region size 1024K, 42 young (43008K), 7 survivors (7168K)
 Metaspace       used 45413K, committed 45824K, reserved 1114112K
  class space    used 6032K, committed 6208K, reserved 1048576K
}
Event: 4.155 GC heap after
{Heap after GC invocations=11 (full 0):
 garbage-first heap   total 86016K, used 32528K [0x0000000080000000, 0x0000000100000000)
  region size 1024K, 4 young (4096K), 4 survivors (4096K)
 Metaspace       used 45413K, committed 45824K, reserved 1114112K
  class space    used 6032K, committed 6208K, reserved 1048576K
}
Event: 4.537 GC heap before
{Heap before GC invocations=11 (full 0):
 garbage-first heap   total 86016K, used 66320K [0x0000000080000000, 0x0000000100000000)
  region size 1024K, 36 young (36864K), 4 survivors (4096K)
 Metaspace       used 49834K, committed 50240K, reserved 1114112K
  class space    used 6620K, committed 6784K, reserved 1048576K
}
Event: 4.540 GC heap after
{Heap after GC invocations=12 (full 0):
 garbage-first heap   total 86016K, used 33868K [0x0000000080000000, 0x0000000100000000)
  region size 1024K, 2 young (2048K), 2 survivors (2048K)
 Metaspace       used 49834K, committed 50240K, reserved 1114112K
  class space    used 6620K, committed 6784K, reserved 1048576K
}
Event: 5.041 GC heap before
{Heap before GC invocations=12 (full 0):
 garbage-first heap   total 86016K, used 66636K [0x0000000080000000, 0x0000000100000000)
  region size 1024K, 34 young (34816K), 2 survivors (2048K)
 Metaspace       used 52345K, committed 52736K, reserved 1114112K
  class space    used 6957K, committed 7104K, reserved 1048576K
}
Event: 5.044 GC heap after
{Heap after GC invocations=13 (full 0):
 garbage-first heap   total 86016K, used 37517K [0x0000000080000000, 0x0000000100000000)
  region size 1024K, 5 young (5120K), 5 survivors (5120K)
 Metaspace       used 52345K, committed 52736K, reserved 1114112K
  class space    used 6957K, committed 7104K, reserved 1048576K
}
Event: 5.270 GC heap before
{Heap before GC invocations=13 (full 0):
 garbage-first heap   total 86016K, used 72333K [0x0000000080000000, 0x0000000100000000)
  region size 1024K, 34 young (34816K), 5 survivors (5120K)
 Metaspace       used 53807K, committed 54272K, reserved 1114112K
  class space    used 7140K, committed 7360K, reserved 1048576K
}
Event: 5.274 GC heap after
{Heap after GC invocations=14 (full 0):
 garbage-first heap   total 86016K, used 49663K [0x0000000080000000, 0x0000000100000000)
  region size 1024K, 5 young (5120K), 5 survivors (5120K)
 Metaspace       used 53807K, committed 54272K, reserved 1114112K
  class space    used 7140K, committed 7360K, reserved 1048576K
}
Event: 5.491 GC heap before
{Heap before GC invocations=14 (full 0):
 garbage-first heap   total 86016K, used 66047K [0x0000000080000000, 0x0000000100000000)
  region size 1024K, 21 young (21504K), 5 survivors (5120K)
 Metaspace       used 55292K, committed 55744K, reserved 1114112K
  class space    used 7371K, committed 7552K, reserved 1048576K
}
Event: 5.493 GC heap after
{Heap after GC invocations=15 (full 0):
 garbage-first heap   total 86016K, used 50579K [0x0000000080000000, 0x0000000100000000)
  region size 1024K, 1 young (1024K), 1 survivors (1024K)
 Metaspace       used 55292K, committed 55744K, reserved 1114112K
  class space    used 7371K, committed 7552K, reserved 1048576K
}
Event: 5.738 GC heap before
{Heap before GC invocations=16 (full 0):
 garbage-first heap   total 89088K, used 66963K [0x0000000080000000, 0x0000000100000000)
  region size 1024K, 18 young (18432K), 1 survivors (1024K)
 Metaspace       used 56972K, committed 57408K, reserved 1114112K
  class space    used 7605K, committed 7808K, reserved 1048576K
}
Event: 5.740 GC heap after
{Heap after GC invocations=17 (full 0):
 garbage-first heap   total 89088K, used 51028K [0x0000000080000000, 0x0000000100000000)
  region size 1024K, 2 young (2048K), 2 survivors (2048K)
 Metaspace       used 56972K, committed 57408K, reserved 1114112K
  class space    used 7605K, committed 7808K, reserved 1048576K
}
Event: 5.954 GC heap before
{Heap before GC invocations=17 (full 0):
 garbage-first heap   total 89088K, used 69460K [0x0000000080000000, 0x0000000100000000)
  region size 1024K, 21 young (21504K), 2 survivors (2048K)
 Metaspace       used 59416K, committed 59904K, reserved 1114112K
  class space    used 7892K, committed 8128K, reserved 1048576K
}
Event: 5.957 GC heap after
{Heap after GC invocations=18 (full 0):
 garbage-first heap   total 89088K, used 51323K [0x0000000080000000, 0x0000000100000000)
  region size 1024K, 2 young (2048K), 2 survivors (2048K)
 Metaspace       used 59416K, committed 59904K, reserved 1114112K
  class space    used 7892K, committed 8128K, reserved 1048576K
}
Event: 6.298 GC heap before
{Heap before GC invocations=19 (full 0):
 garbage-first heap   total 91136K, used 72827K [0x0000000080000000, 0x0000000100000000)
  region size 1024K, 23 young (23552K), 2 survivors (2048K)
 Metaspace       used 62433K, committed 62848K, reserved 1114112K
  class space    used 8332K, committed 8512K, reserved 1048576K
}
Event: 6.301 GC heap after
{Heap after GC invocations=20 (full 0):
 garbage-first heap   total 91136K, used 52389K [0x0000000080000000, 0x0000000100000000)
  region size 1024K, 3 young (3072K), 3 survivors (3072K)
 Metaspace       used 62433K, committed 62848K, reserved 1114112K
  class space    used 8332K, committed 8512K, reserved 1048576K
}
Event: 6.443 GC heap before
{Heap before GC invocations=20 (full 0):
 garbage-first heap   total 91136K, used 60581K [0x0000000080000000, 0x0000000100000000)
  region size 1024K, 12 young (12288K), 3 survivors (3072K)
 Metaspace       used 64018K, committed 64512K, reserved 1114112K
  class space    used 8515K, committed 8704K, reserved 1048576K
}
Event: 6.447 GC heap after
{Heap after GC invocations=21 (full 0):
 garbage-first heap   total 91136K, used 53810K [0x0000000080000000, 0x0000000100000000)
  region size 1024K, 4 young (4096K), 4 survivors (4096K)
 Metaspace       used 64018K, committed 64512K, reserved 1114112K
  class space    used 8515K, committed 8704K, reserved 1048576K
}

Dll operation events (3 events):
Event: 0.005 Loaded shared library C:\Program Files\Android\Android Studio\jbr\bin\java.dll
Event: 0.114 Loaded shared library C:\Program Files\Android\Android Studio\jbr\bin\zip.dll
Event: 0.438 Loaded shared library C:\Program Files\Android\Android Studio\jbr\bin\verify.dll

Deoptimization events (20 events):
Event: 6.476 Thread 0x000001eb383d9900 DEOPT PACKING pc=0x000001eb1c2eb4ba sp=0x00000079329f2730
Event: 6.476 Thread 0x000001eb383d9900 DEOPT UNPACKING pc=0x000001eb2353ace3 sp=0x00000079329f1ba8 mode 0
Event: 6.476 Thread 0x000001eb383d9900 DEOPT PACKING pc=0x000001eb1c2eb4ba sp=0x00000079329f2730
Event: 6.476 Thread 0x000001eb383d9900 DEOPT UNPACKING pc=0x000001eb2353ace3 sp=0x00000079329f1ba8 mode 0
Event: 6.476 Thread 0x000001eb383d9900 DEOPT PACKING pc=0x000001eb1c2eb4ba sp=0x00000079329f2730
Event: 6.476 Thread 0x000001eb383d9900 DEOPT UNPACKING pc=0x000001eb2353ace3 sp=0x00000079329f1ba8 mode 0
Event: 6.476 Thread 0x000001eb383d9900 DEOPT PACKING pc=0x000001eb1c2eb4ba sp=0x00000079329f2730
Event: 6.476 Thread 0x000001eb383d9900 DEOPT UNPACKING pc=0x000001eb2353ace3 sp=0x00000079329f1ba8 mode 0
Event: 6.477 Thread 0x000001eb383d9900 DEOPT PACKING pc=0x000001eb1c2eb4ba sp=0x00000079329f2730
Event: 6.477 Thread 0x000001eb383d9900 DEOPT UNPACKING pc=0x000001eb2353ace3 sp=0x00000079329f1ba8 mode 0
Event: 6.477 Thread 0x000001eb383d9900 DEOPT PACKING pc=0x000001eb1c2eb4ba sp=0x00000079329f2730
Event: 6.477 Thread 0x000001eb383d9900 DEOPT UNPACKING pc=0x000001eb2353ace3 sp=0x00000079329f1ba8 mode 0
Event: 6.477 Thread 0x000001eb383d9900 DEOPT PACKING pc=0x000001eb1c2eb4ba sp=0x00000079329f2730
Event: 6.477 Thread 0x000001eb383d9900 DEOPT UNPACKING pc=0x000001eb2353ace3 sp=0x00000079329f1ba8 mode 0
Event: 6.477 Thread 0x000001eb383d9900 DEOPT PACKING pc=0x000001eb1c2eb4ba sp=0x00000079329f2730
Event: 6.477 Thread 0x000001eb383d9900 DEOPT UNPACKING pc=0x000001eb2353ace3 sp=0x00000079329f1ba8 mode 0
Event: 6.477 Thread 0x000001eb383d9900 DEOPT PACKING pc=0x000001eb1c2eb4ba sp=0x00000079329f2730
Event: 6.477 Thread 0x000001eb383d9900 DEOPT UNPACKING pc=0x000001eb2353ace3 sp=0x00000079329f1ba8 mode 0
Event: 6.477 Thread 0x000001eb383d9900 DEOPT PACKING pc=0x000001eb1c2eb4ba sp=0x00000079329f2730
Event: 6.477 Thread 0x000001eb383d9900 DEOPT UNPACKING pc=0x000001eb2353ace3 sp=0x00000079329f1ba8 mode 0

Classes unloaded (0 events):
No events

Classes redefined (0 events):
No events

Internal exceptions (20 events):
Event: 5.114 Thread 0x000001eb383da770 Exception <a 'java/lang/NoSuchMethodError'{0x0000000084c2f880}: static Lorg/gradle/internal/build/event/types/DefaultProjectConfigurationSuccessResult;.<clinit>()V> (0x0000000084c2f880) 
thrown [s\src\hotspot\share\prims\jni.cpp, line 1108]
Event: 5.115 Thread 0x000001eb383da770 Exception <a 'java/lang/NoSuchMethodError'{0x0000000084c30bb8}: static Lorg/gradle/internal/build/event/types/AbstractProjectConfigurationResult;.<clinit>()V> (0x0000000084c30bb8) 
thrown [s\src\hotspot\share\prims\jni.cpp, line 1108]
Event: 5.115 Thread 0x000001eb383da770 Exception <a 'java/lang/NoSuchMethodError'{0x0000000084c320b8}: static Lorg/gradle/internal/build/event/types/AbstractOperationResult;.<clinit>()V> (0x0000000084c320b8) 
thrown [s\src\hotspot\share\prims\jni.cpp, line 1108]
Event: 5.115 Thread 0x000001eb383da770 Exception <a 'java/lang/NoSuchMethodError'{0x0000000084c332d8}: static Lorg/gradle/internal/build/event/types/AbstractResult;.<clinit>()V> (0x0000000084c332d8) 
thrown [s\src\hotspot\share\prims\jni.cpp, line 1108]
Event: 5.116 Thread 0x000001eb383da770 Exception <a 'java/lang/NoSuchMethodError'{0x0000000084c49eb8}: static Lorg/gradle/internal/build/event/types/DefaultPluginApplicationResult;.<clinit>()V> (0x0000000084c49eb8) 
thrown [s\src\hotspot\share\prims\jni.cpp, line 1108]
Event: 5.117 Thread 0x000001eb383da770 Exception <a 'java/lang/NoSuchMethodError'{0x0000000084c55db8}: static Lorg/gradle/internal/build/event/types/DefaultBinaryPluginIdentifier;.<clinit>()V> (0x0000000084c55db8) 
thrown [s\src\hotspot\share\prims\jni.cpp, line 1108]
Event: 5.119 Thread 0x000001eb383da770 Exception <a 'java/lang/NoSuchMethodError'{0x0000000084c72470}: static Lorg/gradle/internal/build/event/types/DefaultScriptPluginIdentifier;.<clinit>()V> (0x0000000084c72470) 
thrown [s\src\hotspot\share\prims\jni.cpp, line 1108]
Event: 5.127 Thread 0x000001eb383d9900 Exception <a 'java/lang/ClassNotFoundException'{0x0000000084cb41d8}: build_50eyxxr3c2ibturcx9j4e40v1BeanInfo> (0x0000000084cb41d8) 
thrown [s\src\hotspot\share\classfile\systemDictionary.cpp, line 256]
Event: 5.127 Thread 0x000001eb383d9900 Exception <a 'java/lang/ClassNotFoundException'{0x0000000084cbabe8}: build_50eyxxr3c2ibturcx9j4e40v1Customizer> (0x0000000084cbabe8) 
thrown [s\src\hotspot\share\classfile\systemDictionary.cpp, line 256]
Event: 5.185 Thread 0x000001eb383d9900 Exception <a 'java/lang/ClassNotFoundException'{0x0000000084302548}: sun/misc/SharedSecrets> (0x0000000084302548) 
thrown [s\src\hotspot\share\classfile\systemDictionary.cpp, line 256]
Event: 5.185 Thread 0x000001eb383d9900 Exception <a 'java/lang/ClassNotFoundException'{0x0000000084303878}: org/gradle/api/internal/plugins/DefaultObjectConfigurationActionBeanInfo> (0x0000000084303878) 
thrown [s\src\hotspot\share\classfile\systemDictionary.cpp, line 256]
Event: 5.185 Thread 0x000001eb383d9900 Exception <a 'java/lang/ClassNotFoundException'{0x00000000843162b0}: org/gradle/api/internal/plugins/DefaultObjectConfigurationActionCustomizer> (0x00000000843162b0) 
thrown [s\src\hotspot\share\classfile\systemDictionary.cpp, line 256]
Event: 5.343 Thread 0x000001eb383d9900 Exception <a 'java/lang/NoSuchMethodError'{0x0000000084c04270}: 'java.lang.Object java.lang.invoke.DirectMethodHandle$Holder.newInvokeSpecial(java.lang.Object, java.lang.Object, java.lang.Object, java.lang.Object, int)'> (0x0000000084c04270) 
thrown [s\src\hotspot\share\interpreter\linkResolver.cpp, line 771]
Event: 5.343 Thread 0x000001eb383d9900 Exception <a 'java/lang/NoSuchMethodError'{0x0000000084c09410}: 'java.lang.Object java.lang.invoke.DirectMethodHandle$Holder.invokeSpecial(java.lang.Object, java.lang.Object, java.lang.Object, java.lang.Object, java.lang.Object, int)'> (0x0000000084c09410) 
thrown [s\src\hotspot\share\interpreter\linkResolver.cpp, line 771]
Event: 5.344 Thread 0x000001eb383d9900 Exception <a 'java/lang/NoSuchMethodError'{0x0000000084c0dee8}: 'java.lang.Object java.lang.invoke.Invokers$Holder.linkToTargetMethod(java.lang.Object, java.lang.Object, java.lang.Object, int, java.lang.Object)'> (0x0000000084c0dee8) 
thrown [s\src\hotspot\share\interpreter\linkResolver.cpp, line 771]
Event: 5.640 Thread 0x000001eb383d9900 Exception <a 'java/lang/NoSuchMethodError'{0x0000000084db7d60}: 'int java.lang.invoke.DirectMethodHandle$Holder.invokeInterface(java.lang.Object, java.lang.Object, java.lang.Object, java.lang.Object)'> (0x0000000084db7d60) 
thrown [s\src\hotspot\share\interpreter\linkResolver.cpp, line 771]
Event: 6.182 Thread 0x000001eb383d9900 Exception <a 'java/lang/IncompatibleClassChangeError'{0x0000000084bf2580}: Found class java.lang.Object, but interface was expected> (0x0000000084bf2580) 
thrown [s\src\hotspot\share\interpreter\linkResolver.cpp, line 838]
Event: 6.231 Thread 0x000001eb383d9900 Implicit null exception at 0x000001eb23d5b954 to 0x000001eb23d5baf4
Event: 6.231 Thread 0x000001eb383d9900 Implicit null exception at 0x000001eb23ad9215 to 0x000001eb23ada164
Event: 6.371 Thread 0x000001eb383d9900 Implicit null exception at 0x000001eb23c5220c to 0x000001eb23c52342

VM Operations (20 events):
Event: 5.640 Executing VM operation: HandshakeAllThreads done
Event: 5.738 Executing VM operation: G1CollectForAllocation
Event: 5.740 Executing VM operation: G1CollectForAllocation done
Event: 5.954 Executing VM operation: G1CollectForAllocation
Event: 5.957 Executing VM operation: G1CollectForAllocation done
Event: 5.983 Executing VM operation: G1Concurrent
Event: 5.984 Executing VM operation: G1Concurrent done
Event: 5.997 Executing VM operation: G1Concurrent
Event: 5.997 Executing VM operation: G1Concurrent done
Event: 6.298 Executing VM operation: G1CollectForAllocation
Event: 6.301 Executing VM operation: G1CollectForAllocation done
Event: 6.340 Executing VM operation: HandshakeAllThreads
Event: 6.340 Executing VM operation: HandshakeAllThreads done
Event: 6.379 Executing VM operation: HandshakeAllThreads
Event: 6.380 Executing VM operation: HandshakeAllThreads done
Event: 6.380 Executing VM operation: HandshakeAllThreads
Event: 6.380 Executing VM operation: HandshakeAllThreads done
Event: 6.443 Executing VM operation: G1TryInitiateConcMark
Event: 6.447 Executing VM operation: G1TryInitiateConcMark done
Event: 6.477 Executing VM operation: G1Concurrent

Events (20 events):
Event: 6.406 loading class java/security/cert/CertPathValidatorException$BasicReason
Event: 6.406 loading class java/security/cert/CertPathValidatorException$Reason
Event: 6.406 loading class java/security/cert/CertPathValidatorException$Reason done
Event: 6.406 loading class java/security/cert/CertPathValidatorException$BasicReason done
Event: 6.407 loading class java/security/SignatureException
Event: 6.407 loading class java/security/SignatureException done
Event: 6.410 loading class sun/security/rsa/RSASignature$SHA256withRSA
Event: 6.410 loading class sun/security/rsa/RSASignature$SHA256withRSA done
Event: 6.411 loading class sun/security/provider/DSA$SHA256withDSA
Event: 6.411 loading class sun/security/provider/DSA$SHA256withDSA done
Event: 6.434 loading class java/util/Base64
Event: 6.434 loading class java/util/Base64 done
Event: 6.434 loading class java/util/Base64$Decoder
Event: 6.435 loading class java/util/Base64$Decoder done
Event: 6.435 loading class java/util/Base64$Encoder
Event: 6.435 loading class java/util/Base64$Encoder done
Event: 6.436 loading class java/util/jar/JarVerifier$VerifierStream
Event: 6.436 loading class java/util/jar/JarVerifier$VerifierStream done
Event: 6.436 loading class sun/security/util/ManifestEntryVerifier$SunProviderHolder
Event: 6.437 loading class sun/security/util/ManifestEntryVerifier$SunProviderHolder done


Dynamic libraries:
0x00007ff734b90000 - 0x00007ff734b9a000 	C:\Program Files\Android\Android Studio\jbr\bin\java.exe
0x00007ff9f1330000 - 0x00007ff9f1528000 	C:\Windows\SYSTEM32\ntdll.dll
0x00007ff9ef330000 - 0x00007ff9ef3ed000 	C:\Windows\System32\KERNEL32.DLL
0x00007ff9eec10000 - 0x00007ff9eef06000 	C:\Windows\System32\KERNELBASE.dll
0x00007ff9eef10000 - 0x00007ff9ef010000 	C:\Windows\System32\ucrtbase.dll
0x00007ff9ca5e0000 - 0x00007ff9ca5f7000 	C:\Program Files\Android\Android Studio\jbr\bin\jli.dll
0x00007ff9ea170000 - 0x00007ff9ea18b000 	C:\Program Files\Android\Android Studio\jbr\bin\VCRUNTIME140.dll
0x00007ff9effe0000 - 0x00007ff9f017f000 	C:\Windows\System32\USER32.dll
0x00007ff9ef1c0000 - 0x00007ff9ef1e2000 	C:\Windows\System32\win32u.dll
0x00007ff9d5000000 - 0x00007ff9d529a000 	C:\Windows\WinSxS\amd64_microsoft.windows.common-controls_6595b64144ccf1df_6.0.19041.4355_none_60b8b9eb71f62e16\COMCTL32.dll
0x00007ff9f0d80000 - 0x00007ff9f0dab000 	C:\Windows\System32\GDI32.dll
0x00007ff9eff40000 - 0x00007ff9effde000 	C:\Windows\System32\msvcrt.dll
0x00007ff9ef0a0000 - 0x00007ff9ef1b7000 	C:\Windows\System32\gdi32full.dll
0x00007ff9ef260000 - 0x00007ff9ef2fd000 	C:\Windows\System32\msvcp_win.dll
0x00007ff9efa50000 - 0x00007ff9efa82000 	C:\Windows\System32\IMM32.DLL
0x00007ff9ea160000 - 0x00007ff9ea16c000 	C:\Program Files\Android\Android Studio\jbr\bin\vcruntime140_1.dll
0x00007ff98cd20000 - 0x00007ff98cdad000 	C:\Program Files\Android\Android Studio\jbr\bin\msvcp140.dll
0x00007ff988d80000 - 0x00007ff989a00000 	C:\Program Files\Android\Android Studio\jbr\bin\server\jvm.dll
0x00007ff9f0db0000 - 0x00007ff9f0e60000 	C:\Windows\System32\ADVAPI32.dll
0x00007ff9f1220000 - 0x00007ff9f12c0000 	C:\Windows\System32\sechost.dll
0x00007ff9f0e60000 - 0x00007ff9f0f83000 	C:\Windows\System32\RPCRT4.dll
0x00007ff9ef300000 - 0x00007ff9ef327000 	C:\Windows\System32\bcrypt.dll
0x00007ff9ea1c0000 - 0x00007ff9ea1c9000 	C:\Windows\SYSTEM32\WSOCK32.dll
0x00007ff9e8220000 - 0x00007ff9e822a000 	C:\Windows\SYSTEM32\VERSION.dll
0x00007ff9dba10000 - 0x00007ff9dba37000 	C:\Windows\SYSTEM32\WINMM.dll
0x00007ff9efed0000 - 0x00007ff9eff3b000 	C:\Windows\System32\WS2_32.dll
0x00007ff9ed1c0000 - 0x00007ff9ed1d2000 	C:\Windows\SYSTEM32\kernel.appcore.dll
0x00007ff9dfb30000 - 0x00007ff9dfb3a000 	C:\Program Files\Android\Android Studio\jbr\bin\jimage.dll
0x00007ff9ecfc0000 - 0x00007ff9ed1a4000 	C:\Windows\SYSTEM32\DBGHELP.DLL
0x00007ff9db920000 - 0x00007ff9db954000 	C:\Windows\SYSTEM32\dbgcore.DLL
0x00007ff9ef010000 - 0x00007ff9ef092000 	C:\Windows\System32\bcryptPrimitives.dll
0x00007ff9ca8d0000 - 0x00007ff9ca8de000 	C:\Program Files\Android\Android Studio\jbr\bin\instrument.dll
0x00007ff9c72c0000 - 0x00007ff9c72e5000 	C:\Program Files\Android\Android Studio\jbr\bin\java.dll
0x00007ff9da980000 - 0x00007ff9da998000 	C:\Program Files\Android\Android Studio\jbr\bin\zip.dll
0x00007ff9f01f0000 - 0x00007ff9f095b000 	C:\Windows\System32\SHELL32.dll
0x00007ff9ec750000 - 0x00007ff9eceed000 	C:\Windows\SYSTEM32\windows.storage.dll
0x00007ff9f0960000 - 0x00007ff9f0cb3000 	C:\Windows\System32\combase.dll
0x00007ff9ee3d0000 - 0x00007ff9ee3fe000 	C:\Windows\SYSTEM32\Wldp.dll
0x00007ff9efb40000 - 0x00007ff9efc0d000 	C:\Windows\System32\OLEAUT32.dll
0x00007ff9ef470000 - 0x00007ff9ef51d000 	C:\Windows\System32\SHCORE.dll
0x00007ff9f0cc0000 - 0x00007ff9f0d15000 	C:\Windows\System32\shlwapi.dll
0x00007ff9ee8e0000 - 0x00007ff9ee904000 	C:\Windows\SYSTEM32\profapi.dll
0x00007ff9e8ff0000 - 0x00007ff9e9009000 	C:\Program Files\Android\Android Studio\jbr\bin\net.dll
0x00007ff9e6e50000 - 0x00007ff9e6f5a000 	C:\Windows\SYSTEM32\WINHTTP.dll
0x00007ff9ee0c0000 - 0x00007ff9ee12a000 	C:\Windows\system32\mswsock.dll
0x00007ff9ca8e0000 - 0x00007ff9ca8f6000 	C:\Program Files\Android\Android Studio\jbr\bin\nio.dll
0x00007ff9dcab0000 - 0x00007ff9dcac0000 	C:\Program Files\Android\Android Studio\jbr\bin\verify.dll
0x00007ff965ae0000 - 0x00007ff965b07000 	C:\Users\Huynh Huu Nghia\.gradle\native\68d5fa5c4cc2d200863cafc0d521ce42e7d3e7ee720ec0a83991735586a16f82\windows-amd64\native-platform.dll
0x00007ff98cbd0000 - 0x00007ff98cd14000 	C:\Users\Huynh Huu Nghia\.gradle\native\e376f236ea51e6404a007f0833ffe2c6e607c4080706a723a18a27aeea778392\windows-amd64\native-platform-file-events.dll
0x00007ff9da220000 - 0x00007ff9da229000 	C:\Program Files\Android\Android Studio\jbr\bin\management.dll
0x00007ff9d0860000 - 0x00007ff9d086b000 	C:\Program Files\Android\Android Studio\jbr\bin\management_ext.dll
0x00007ff9f0180000 - 0x00007ff9f0188000 	C:\Windows\System32\PSAPI.DLL
0x00007ff9ee320000 - 0x00007ff9ee338000 	C:\Windows\SYSTEM32\CRYPTSP.dll
0x00007ff9ed980000 - 0x00007ff9ed9b4000 	C:\Windows\system32\rsaenh.dll
0x00007ff9ee850000 - 0x00007ff9ee87e000 	C:\Windows\SYSTEM32\USERENV.dll
0x00007ff9ee340000 - 0x00007ff9ee34c000 	C:\Windows\SYSTEM32\CRYPTBASE.dll
0x00007ff9edda0000 - 0x00007ff9edddb000 	C:\Windows\SYSTEM32\IPHLPAPI.DLL
0x00007ff9ef520000 - 0x00007ff9ef528000 	C:\Windows\System32\NSI.dll
0x00007ff9e7d60000 - 0x00007ff9e7d77000 	C:\Windows\SYSTEM32\dhcpcsvc6.DLL
0x00007ff9e7e70000 - 0x00007ff9e7e8d000 	C:\Windows\SYSTEM32\dhcpcsvc.DLL
0x00007ff9edde0000 - 0x00007ff9edeab000 	C:\Windows\SYSTEM32\DNSAPI.dll
0x00007ff9dcbd0000 - 0x00007ff9dcbd7000 	C:\Windows\system32\wshunix.dll

dbghelp: loaded successfully - version: 4.0.5 - missing functions: none
symbol engine: initialized successfully - sym options: 0x614 - pdb path: .;C:\Program Files\Android\Android Studio\jbr\bin;C:\Windows\SYSTEM32;C:\Windows\WinSxS\amd64_microsoft.windows.common-controls_6595b64144ccf1df_6.0.19041.4355_none_60b8b9eb71f62e16;C:\Program Files\Android\Android Studio\jbr\bin\server;C:\Users\Huynh Huu Nghia\.gradle\native\68d5fa5c4cc2d200863cafc0d521ce42e7d3e7ee720ec0a83991735586a16f82\windows-amd64;C:\Users\Huynh Huu Nghia\.gradle\native\e376f236ea51e6404a007f0833ffe2c6e607c4080706a723a18a27aeea778392\windows-amd64

VM Arguments:
jvm_args: --add-opens=java.base/java.util=ALL-UNNAMED --add-opens=java.base/java.lang=ALL-UNNAMED --add-opens=java.base/java.lang.invoke=ALL-UNNAMED --add-opens=java.prefs/java.util.prefs=ALL-UNNAMED --add-opens=java.base/java.nio.charset=ALL-UNNAMED --add-opens=java.base/java.net=ALL-UNNAMED --add-opens=java.base/java.util.concurrent.atomic=ALL-UNNAMED -Xmx2048m -Dfile.encoding=UTF-8 -Duser.country=US -Duser.language=en -Duser.variant -javaagent:C:\Users\Huynh Huu Nghia\.gradle\wrapper\dists\gradle-8.2-bin\bbg7u40eoinfdyxsxr3z4i7ta\gradle-8.2\lib\agents\gradle-instrumentation-agent-8.2.jar 
java_command: org.gradle.launcher.daemon.bootstrap.GradleDaemon 8.2
java_class_path (initial): C:\Users\Huynh Huu Nghia\.gradle\wrapper\dists\gradle-8.2-bin\bbg7u40eoinfdyxsxr3z4i7ta\gradle-8.2\lib\gradle-launcher-8.2.jar
Launcher Type: SUN_STANDARD

[Global flags]
     intx CICompilerCount                          = 4                                         {product} {ergonomic}
     uint ConcGCThreads                            = 2                                         {product} {ergonomic}
     uint G1ConcRefinementThreads                  = 8                                         {product} {ergonomic}
   size_t G1HeapRegionSize                         = 1048576                                   {product} {ergonomic}
    uintx GCDrainStackTargetSize                   = 64                                        {product} {ergonomic}
   size_t InitialHeapSize                          = 132120576                                 {product} {ergonomic}
   size_t MarkStackSize                            = 4194304                                   {product} {ergonomic}
   size_t MaxHeapSize                              = 2147483648                                {product} {command line}
   size_t MaxNewSize                               = 1287651328                                {product} {ergonomic}
   size_t MinHeapDeltaBytes                        = 1048576                                   {product} {ergonomic}
   size_t MinHeapSize                              = 8388608                                   {product} {ergonomic}
    uintx NonNMethodCodeHeapSize                   = 5839372                                {pd product} {ergonomic}
    uintx NonProfiledCodeHeapSize                  = 122909434                              {pd product} {ergonomic}
    uintx ProfiledCodeHeapSize                     = 122909434                              {pd product} {ergonomic}
    uintx ReservedCodeCacheSize                    = 251658240                              {pd product} {ergonomic}
     bool SegmentedCodeCache                       = true                                      {product} {ergonomic}
   size_t SoftMaxHeapSize                          = 2147483648                             {manageable} {ergonomic}
     bool UseCompressedClassPointers               = true                           {product lp64_product} {ergonomic}
     bool UseCompressedOops                        = true                           {product lp64_product} {ergonomic}
     bool UseG1GC                                  = true                                      {product} {ergonomic}
     bool UseLargePagesIndividualAllocation        = false                                  {pd product} {ergonomic}

Logging:
Log output configuration:
 #0: stdout all=warning uptime,level,tags
 #1: stderr all=off uptime,level,tags

Environment Variables:
PATH=C:\Program Files\Common Files\Oracle\Java\javapath;C:\Windows\system32;C:\Windows;C:\Windows\System32\Wbem;C:\Windows\System32\WindowsPowerShell\v1.0\;C:\Windows\System32\OpenSSH\;C:\MinGW\bin;C:\Program Files\MySQL\MySQL Server 8.0\bin;C:\Program Files\Microsoft SQL Server\110\Tools\Binn\;C:\Program Files (x86)\Microsoft SQL Server\110\Tools\Binn\ManagementStudio\;C:\Program Files (x86)\Microsoft SQL Server\110\Tools\Binn\;C:\Program Files (x86)\Microsoft SQL Server\110\DTS\Binn\;C:\Program Files\Microsoft SQL Server\110\DTS\Binn\;C:\ProgramData\ComposerSetup\bin;C:\Program Files\nodejs\;C:\Program Files\Microsoft SQL Server\150\Tools\Binn\;C:\Program Files\Git\cmd;C:\Users\Huynh Huu Nghia\.console-ninja\.bin;C:\Users\Huynh Huu Nghia\AppData\Local\Programs\Python\Python310\Scripts\;C:\Users\Huynh Huu Nghia\AppData\Local\Programs\Python\Python310\;C:\Program Files\MySQL\MySQL Shell 8.0\bin\;C:\Users\Huynh Huu Nghia\AppData\Local\Programs\Python\Python38\Scripts\;C:\Users\Huynh Huu Nghia\AppData\Local\Programs\Python\Python38\;C:\Users\Huynh Huu Nghia\AppData\Local\Microsoft\WindowsApps;C:\Users\Huynh Huu Nghia\AppData\Local\Programs\Microsoft VS Code\bin;C:\Program Files\Azure Data Studio\bin;C:\Users\Huynh Huu Nghia\.dotnet\tools;C:\Program Files\Java\jdk15.0.2\bin;C:\xampp\php;C:\Users\Huynh Huu Nghia\AppData\Local\ComposerSetup\bin;C:\Users\Huynh Huu Nghia\AppData\Roaming\Composer\vendor\bin;C:\Users\Huynh Huu Nghia\AppData\Local\Android\Sdk\platform-tools;C:\Users\Huynh Huu Nghia\AppData\Roaming\npm
USERNAME=Huynh Huu Nghia
OS=Windows_NT
PROCESSOR_IDENTIFIER=Intel64 Family 6 Model 126 Stepping 5, GenuineIntel
TMP=C:\Users\HUYNHH~1\AppData\Local\Temp
TEMP=C:\Users\HUYNHH~1\AppData\Local\Temp


JNI global refs:
JNI global refs: 25, weak refs: 0

JNI global refs memory usage: 843, weak refs: 841

OOME stack traces (most recent first):
Classloader memory used:
Loader org.gradle.internal.classloader.VisitableURLClassLoader                         : 3389K
Loader bootstrap                                                                       : 2758K
Loader org.gradle.initialization.MixInLegacyTypesClassLoader                           : 1072K
Loader org.gradle.internal.classloader.VisitableURLClassLoader$InstrumentingVisitableURLClassLoader: 657K
Loader jdk.internal.loader.ClassLoaders$PlatformClassLoader                            : 65424B
Loader jdk.internal.loader.ClassLoaders$AppClassLoader                                 : 28450B
Loader jdk.internal.reflect.DelegatingClassLoader                                      : 22716B
Loader org.gradle.groovy.scripts.internal.DefaultScriptCompilationHandler$ScriptClassLoader: 9523B
Loader org.codehaus.groovy.runtime.callsite.CallSiteClassLoader                        : 1876B
Loader sun.reflect.misc.MethodUtil                                                     : 373B

Classes loaded by more than one classloader:
Class org.gradle.internal.installation.GradleInstallation                             : loaded 2 times (x 73B)
Class com.google.common.collect.Iterators$MergingIterator                             : loaded 2 times (x 79B)
Class [Lcom.google.common.collect.AbstractMapEntry;                                   : loaded 2 times (x 67B)
Class com.google.common.collect.SingletonImmutableList                                : loaded 2 times (x 167B)
Class com.google.common.cache.CacheLoader$SupplierToCacheLoader                       : loaded 2 times (x 73B)
Class org.gradle.internal.classpath.ClassPath                                         : loaded 2 times (x 68B)
Class com.google.common.cache.RemovalListener                                         : loaded 2 times (x 68B)
Class org.gradle.api.internal.classpath.DefaultModuleRegistry                         : loaded 2 times (x 84B)
Class com.google.common.collect.ListMultimap                                          : loaded 2 times (x 68B)
Class com.google.common.base.CharMatcher$JavaDigit                                    : loaded 2 times (x 109B)
Class com.google.common.base.CharMatcher$Digit                                        : loaded 2 times (x 110B)
Class com.google.common.collect.AbstractMultimap                                      : loaded 2 times (x 121B)
Class com.google.common.cache.CacheBuilder$OneWeigher                                 : loaded 2 times (x 80B)
Class org.gradle.api.Action                                                           : loaded 2 times (x 68B)
Class com.google.common.collect.ImmutableEntry                                        : loaded 2 times (x 80B)
Class com.google.common.collect.Lists$StringAsImmutableList                           : loaded 2 times (x 167B)
Class com.google.common.base.CharMatcher                                              : loaded 2 times (x 109B)
Class com.google.common.base.CharMatcher$IsNot                                        : loaded 2 times (x 109B)
Class com.google.common.base.Splitter                                                 : loaded 2 times (x 70B)
Class [Lcom.google.common.cache.Weigher;                                              : loaded 2 times (x 67B)
Class com.google.common.collect.Iterators$ArrayItr                                    : loaded 2 times (x 95B)
Class com.google.common.cache.LocalCache$Segment                                      : loaded 2 times (x 152B)
Class org.gradle.api.internal.DefaultClassPathProvider                                : loaded 2 times (x 74B)
Class org.gradle.internal.installation.GradleInstallation$1                           : loaded 2 times (x 73B)
Class com.google.common.base.CharMatcher$BitSetMatcher                                : loaded 2 times (x 110B)
Class com.google.common.collect.ImmutableMap$IteratorBasedImmutableMap                : loaded 2 times (x 123B)
Class com.google.common.collect.ImmutableMap                                          : loaded 2 times (x 118B)
Class com.google.common.base.Converter                                                : loaded 2 times (x 88B)
Class com.google.common.collect.ImmutableSet$EmptySetBuilderImpl                      : loaded 2 times (x 74B)
Class settings_eoou18dhdd28dso2yymew1pgh$_run_closure1$_closure2                      : loaded 2 times (x 134B)
Class com.google.common.base.Equivalence                                              : loaded 2 times (x 80B)
Class com.google.common.cache.LocalCache$EntryFactory$1                               : loaded 2 times (x 81B)
Class com.google.common.cache.LocalCache$EntryFactory$2                               : loaded 2 times (x 81B)
Class com.google.common.cache.LocalCache$EntryFactory$3                               : loaded 2 times (x 81B)
Class com.google.common.cache.LocalCache$EntryFactory$4                               : loaded 2 times (x 81B)
Class com.google.common.cache.LocalCache$EntryFactory$5                               : loaded 2 times (x 81B)
Class com.google.common.cache.LocalCache$EntryFactory$6                               : loaded 2 times (x 81B)
Class com.google.common.cache.LocalCache$EntryFactory$7                               : loaded 2 times (x 81B)
Class com.google.common.cache.LocalCache$EntryFactory$8                               : loaded 2 times (x 81B)
Class com.google.common.base.Predicate                                                : loaded 2 times (x 68B)
Class org.gradle.internal.classloader.FilteringClassLoader                            : loaded 2 times (x 102B)
Class com.google.common.collect.RegularImmutableSet                                   : loaded 2 times (x 146B)
Class [Lcom.google.common.cache.LocalCache$Strength;                                  : loaded 2 times (x 67B)
Class org.gradle.internal.classpath.DefaultClassPath$ImmutableUniqueList$Builder      : loaded 2 times (x 73B)
Class com.google.common.collect.Maps$8                                                : loaded 2 times (x 80B)
Class com.google.common.base.PatternCompiler                                          : loaded 2 times (x 68B)
Class [Lcom.google.common.cache.CacheBuilder$NullListener;                            : loaded 2 times (x 67B)
Class com.google.common.base.CharMatcher$InRange                                      : loaded 2 times (x 109B)
Class com.google.common.collect.BiMap                                                 : loaded 2 times (x 68B)
Class com.google.common.collect.Lists                                                 : loaded 2 times (x 69B)
Class com.google.common.math.IntMath$1                                                : loaded 2 times (x 69B)
Class org.gradle.internal.classloader.ClassLoaderVisitor                              : loaded 2 times (x 74B)
Class com.google.common.cache.CacheBuilder$NullListener                               : loaded 2 times (x 80B)
Class com.google.common.math.MathPreconditions                                        : loaded 2 times (x 69B)
Class org.gradle.internal.service.DefaultServiceLocator                               : loaded 2 times (x 81B)
Class org.gradle.internal.service.UnknownServiceException                             : loaded 2 times (x 81B)
Class com.google.common.collect.ArrayListMultimap                                     : loaded 2 times (x 170B)
Class com.google.common.base.Strings                                                  : loaded 2 times (x 69B)
Class com.google.common.cache.CacheLoader$InvalidCacheLoadException                   : loaded 2 times (x 80B)
Class org.gradle.internal.classloader.DefaultClassLoaderFactory                       : loaded 2 times (x 80B)
Class com.google.common.collect.UnmodifiableIterator                                  : loaded 2 times (x 78B)
Class com.google.common.base.Platform$JdkPatternCompiler                              : loaded 2 times (x 73B)
Class com.google.common.cache.LocalCache$LoadingValueReference                        : loaded 2 times (x 94B)
Class com.google.common.base.CharMatcher$SingleWidth                                  : loaded 2 times (x 110B)
Class com.google.common.collect.Hashing                                               : loaded 2 times (x 69B)
Class com.google.common.base.JdkPattern                                               : loaded 2 times (x 73B)
Class com.google.common.collect.Multimap                                              : loaded 2 times (x 68B)
Class com.google.common.base.FunctionalEquivalence                                    : loaded 2 times (x 81B)
Class com.google.common.cache.LocalCache$1                                            : loaded 2 times (x 87B)
Class com.google.common.cache.LocalCache$2                                            : loaded 2 times (x 140B)
Class com.google.common.collect.RegularImmutableBiMap                                 : loaded 2 times (x 146B)
Class org.gradle.internal.classloader.VisitableURLClassLoader$Spec                    : loaded 2 times (x 72B)
Class org.gradle.api.GradleException                                                  : loaded 2 times (x 80B)
Class com.google.common.base.CharMatcher$JavaLetterOrDigit                            : loaded 2 times (x 109B)
Class org.gradle.api.internal.classpath.ModuleRegistry                                : loaded 2 times (x 68B)
Class com.google.common.collect.ForwardingObject                                      : loaded 2 times (x 70B)
Class com.google.common.cache.CacheBuilder                                            : loaded 2 times (x 70B)
Class com.google.common.collect.ImmutableCollection                                   : loaded 2 times (x 123B)
Class com.google.common.base.PairwiseEquivalence                                      : loaded 2 times (x 81B)
Class com.google.common.base.Ticker                                                   : loaded 2 times (x 70B)
Class org.gradle.api.internal.ClassPathProvider                                       : loaded 2 times (x 68B)
Class com.google.common.collect.RegularImmutableMap$Values                            : loaded 2 times (x 167B)
Class org.gradle.internal.classloader.ClasspathUtil$1                                 : loaded 2 times (x 74B)
Class com.google.common.collect.ImmutableEnumMap                                      : loaded 2 times (x 123B)
Class com.google.common.collect.ForwardingMap                                         : loaded 2 times (x 130B)
Class com.google.common.collect.ImmutableList$ReverseImmutableList                    : loaded 2 times (x 168B)
Class com.google.common.cache.AbstractCache$StatsCounter                              : loaded 2 times (x 68B)
Class com.google.common.cache.LocalCache$Strength$1                                   : loaded 2 times (x 79B)
Class com.google.common.cache.LocalCache$Strength$2                                   : loaded 2 times (x 79B)
Class com.google.common.cache.LocalCache$Strength$3                                   : loaded 2 times (x 79B)
Class org.gradle.internal.classloader.ClassLoaderFactory                              : loaded 2 times (x 68B)
Class com.google.common.collect.ObjectArrays                                          : loaded 2 times (x 69B)
Class com.google.common.collect.Iterators$10                                          : loaded 2 times (x 79B)
Class com.google.common.collect.ImmutableList                                         : loaded 2 times (x 166B)
Class org.gradle.api.internal.classpath.ManifestUtil                                  : loaded 2 times (x 69B)
Class org.gradle.api.specs.Spec                                                       : loaded 2 times (x 68B)
Class com.google.common.cache.CacheLoader$UnsupportedLoadingOperationException        : loaded 2 times (x 80B)
Class com.google.common.base.CharMatcher$Whitespace                                   : loaded 2 times (x 110B)
Class com.google.common.collect.Iterators$1                                           : loaded 2 times (x 79B)
Class com.google.common.collect.Iterators$4                                           : loaded 2 times (x 80B)
Class com.google.common.collect.RegularImmutableMap$BucketOverflowException           : loaded 2 times (x 80B)
Class com.google.common.collect.Iterators$5                                           : loaded 2 times (x 80B)
Class com.google.common.base.Equivalence$Equals                                       : loaded 2 times (x 80B)
Class com.google.common.base.Preconditions                                            : loaded 2 times (x 69B)
Class com.google.common.base.Function                                                 : loaded 2 times (x 68B)
Class com.google.common.collect.Iterators$9                                           : loaded 2 times (x 79B)
Class org.gradle.internal.IoActions                                                   : loaded 2 times (x 69B)
Class com.google.common.cache.ReferenceEntry                                          : loaded 2 times (x 68B)
Class com.google.common.collect.RegularImmutableMap$KeySet                            : loaded 2 times (x 148B)
Class com.google.common.collect.CollectPreconditions                                  : loaded 2 times (x 69B)
Class com.google.common.collect.Maps                                                  : loaded 2 times (x 69B)
Class com.google.common.collect.RegularImmutableMap                                   : loaded 2 times (x 119B)
Class com.google.common.collect.AbstractIndexedListIterator                           : loaded 2 times (x 94B)
Class com.google.common.base.CharMatcher$None                                         : loaded 2 times (x 110B)
Class org.gradle.api.internal.classpath.EffectiveClassPath                            : loaded 2 times (x 88B)
Class com.google.common.collect.UnmodifiableListIterator                              : loaded 2 times (x 93B)
Class com.google.common.cache.CacheLoader$FunctionToCacheLoader                       : loaded 2 times (x 73B)
Class com.google.common.cache.CacheBuilder$1                                          : loaded 2 times (x 83B)
Class com.google.common.cache.CacheBuilder$2                                          : loaded 2 times (x 77B)
Class com.google.common.collect.ImmutableList$1                                       : loaded 2 times (x 95B)
Class com.google.common.base.Splitter$Strategy                                        : loaded 2 times (x 68B)
Class com.google.common.cache.CacheBuilder$3                                          : loaded 2 times (x 70B)
Class com.google.common.collect.ImmutableMapEntrySet$RegularEntrySet                  : loaded 2 times (x 149B)
Class [Lcom.google.common.cache.RemovalListener;                                      : loaded 2 times (x 67B)
Class [Lcom.google.common.collect.ImmutableMapEntry;                                  : loaded 2 times (x 67B)
Class org.gradle.internal.installation.CurrentGradleInstallation                      : loaded 2 times (x 71B)
Class org.gradle.internal.agents.InstrumentingClassLoader                             : loaded 2 times (x 68B)
Class org.gradle.internal.installation.CurrentGradleInstallationLocator               : loaded 2 times (x 69B)
Class [Lcom.google.common.cache.LocalCache$Segment;                                   : loaded 2 times (x 67B)
Class org.gradle.api.internal.classpath.Module                                        : loaded 2 times (x 68B)
Class com.google.common.base.Splitter$1$1                                             : loaded 2 times (x 84B)
Class com.google.common.collect.ImmutableSet$JdkBackedSetBuilderImpl                  : loaded 2 times (x 74B)
Class com.google.common.collect.ImmutableSet$RegularSetBuilderImpl                    : loaded 2 times (x 75B)
Class org.gradle.internal.service.CachingServiceLocator                               : loaded 2 times (x 80B)
Class [Lcom.google.common.collect.ImmutableEntry;                                     : loaded 2 times (x 67B)
Class org.gradle.internal.classpath.DefaultClassPath                                  : loaded 2 times (x 88B)
Class com.google.common.base.Splitter$SplittingIterator                               : loaded 2 times (x 82B)
Class com.google.common.cache.LocalCache$LocalManualCache$1                           : loaded 2 times (x 73B)
Class [Lcom.google.common.cache.LocalCache$EntryFactory;                              : loaded 2 times (x 67B)
Class com.google.common.base.CharMatcher$Is                                           : loaded 2 times (x 109B)
Class com.google.common.base.Platform                                                 : loaded 2 times (x 69B)
Class com.google.common.collect.RegularImmutableAsList                                : loaded 2 times (x 176B)
Class com.google.common.collect.PeekingIterator                                       : loaded 2 times (x 68B)
Class com.google.common.collect.ImmutableMapEntrySet                                  : loaded 2 times (x 149B)
Class com.google.common.cache.CacheLoader                                             : loaded 2 times (x 72B)
Class com.google.common.collect.ImmutableBiMapFauxverideShim                          : loaded 2 times (x 118B)
Class com.google.common.cache.Cache                                                   : loaded 2 times (x 68B)
Class org.gradle.internal.classloader.SystemClassLoaderSpec                           : loaded 2 times (x 69B)
Class com.google.common.collect.SingletonImmutableSet                                 : loaded 2 times (x 144B)
Class [Lcom.google.common.base.AbstractIterator$State;                                : loaded 2 times (x 67B)
Class com.google.common.collect.ImmutableMap$Builder                                  : loaded 2 times (x 80B)
Class com.google.common.base.AbstractIterator                                         : loaded 2 times (x 78B)
Class com.google.common.base.AbstractIterator$1                                       : loaded 2 times (x 69B)
Class [Lcom.google.common.cache.CacheBuilder$OneWeigher;                              : loaded 2 times (x 67B)
Class com.google.common.collect.Iterators                                             : loaded 2 times (x 69B)
Class com.google.common.base.CharMatcher$1                                            : loaded 2 times (x 111B)
Class com.google.common.base.CharMatcher$Ascii                                        : loaded 2 times (x 110B)
Class com.google.common.cache.LocalCache$ComputingValueReference                      : loaded 2 times (x 94B)
Class org.gradle.api.UncheckedIOException                                             : loaded 2 times (x 80B)
Class com.google.common.base.CharMatcher$And                                          : loaded 2 times (x 110B)
Class com.google.common.collect.IndexedImmutableSet                                   : loaded 2 times (x 148B)
Class com.google.common.collect.AbstractListMultimap                                  : loaded 2 times (x 170B)
Class com.google.common.base.CharMatcher$Any                                          : loaded 2 times (x 110B)
Class com.google.common.cache.LocalCache$Strength                                     : loaded 2 times (x 79B)
Class com.google.common.collect.ArrayListMultimapGwtSerializationDependencies         : loaded 2 times (x 170B)
Class com.google.common.base.CharMatcher$RangesMatcher                                : loaded 2 times (x 110B)
Class com.google.common.collect.ImmutableList$SubList                                 : loaded 2 times (x 168B)
Class com.google.common.cache.LocalCache$ValueReference                               : loaded 2 times (x 68B)
Class org.gradle.internal.classloader.ClasspathUtil                                   : loaded 2 times (x 69B)
Class com.google.common.base.Splitter$1                                               : loaded 2 times (x 75B)
Class com.google.common.base.Ticker$1                                                 : loaded 2 times (x 70B)
Class com.google.common.collect.Maps$BiMapConverter                                   : loaded 2 times (x 88B)
Class org.gradle.api.internal.DefaultClassPathRegistry                                : loaded 2 times (x 74B)
Class com.google.common.collect.ImmutableSet$SetBuilderImpl                           : loaded 2 times (x 74B)
Class org.gradle.api.internal.classpath.DefaultModuleRegistry$DefaultModule           : loaded 2 times (x 84B)
Class com.google.common.base.CharMatcher$JavaIsoControl                               : loaded 2 times (x 110B)
Class com.google.common.collect.ImmutableMap$1                                        : loaded 2 times (x 79B)
Class com.google.common.base.CharMatcher$Or                                           : loaded 2 times (x 110B)
Class com.google.common.base.Suppliers$SupplierOfInstance                             : loaded 2 times (x 77B)
Class com.google.common.collect.Iterables                                             : loaded 2 times (x 69B)
Class com.google.common.base.CharMatcher$JavaLowerCase                                : loaded 2 times (x 109B)
Class org.gradle.api.internal.classpath.UnknownModuleException                        : loaded 2 times (x 80B)
Class settings_eoou18dhdd28dso2yymew1pgh                                              : loaded 2 times (x 177B)
Class com.google.common.collect.Maps$EntryTransformer                                 : loaded 2 times (x 68B)
Class com.google.common.collect.ImmutableCollection$Builder                           : loaded 2 times (x 74B)
Class com.google.common.collect.SingletonImmutableBiMap                               : loaded 2 times (x 141B)
Class com.google.common.base.CommonPattern                                            : loaded 2 times (x 72B)
Class com.google.common.base.Suppliers                                                : loaded 2 times (x 69B)
Class com.google.common.cache.LoadingCache                                            : loaded 2 times (x 68B)
Class org.gradle.internal.service.ServiceLookupException                              : loaded 2 times (x 80B)
Class org.gradle.cache.GlobalCache                                                    : loaded 2 times (x 68B)
Class com.google.common.base.CharMatcher$NegatedFastMatcher                           : loaded 2 times (x 111B)
Class [Lorg.gradle.api.internal.ClassPathProvider;                                    : loaded 2 times (x 67B)
Class org.gradle.util.internal.GUtil                                                  : loaded 2 times (x 69B)
Class com.google.common.math.IntMath                                                  : loaded 2 times (x 69B)
Class com.google.common.collect.AbstractIterator                                      : loaded 2 times (x 80B)
Class org.gradle.internal.classloader.ClassLoaderSpec                                 : loaded 2 times (x 69B)
Class com.google.common.base.NullnessCasts                                            : loaded 2 times (x 69B)
Class com.google.common.cache.LocalCache$LocalManualCache                             : loaded 2 times (x 97B)
Class com.google.common.collect.AbstractMapEntry                                      : loaded 2 times (x 79B)
Class com.google.common.base.CharMatcher$Negated                                      : loaded 2 times (x 111B)
Class com.google.common.cache.CacheLoader$1                                           : loaded 2 times (x 73B)
Class com.google.common.collect.ImmutableSet$Builder                                  : loaded 2 times (x 83B)
Class com.google.common.base.CharMatcher$ForPredicate                                 : loaded 2 times (x 110B)
Class com.google.common.collect.ImmutableMap$MapViewOfValuesAsSingletonSets           : loaded 2 times (x 123B)
Class com.google.common.base.MoreObjects                                              : loaded 2 times (x 69B)
Class com.google.common.collect.SortedMapDifference                                   : loaded 2 times (x 68B)
Class com.google.common.cache.CacheStats                                              : loaded 2 times (x 69B)
Class org.gradle.internal.classloader.VisitableURLClassLoader                         : loaded 2 times (x 114B)
Class com.google.common.cache.LocalCache$LocalLoadingCache                            : loaded 2 times (x 132B)
Class com.google.common.base.Supplier                                                 : loaded 2 times (x 68B)
Class com.google.common.collect.ImmutableBiMap                                        : loaded 2 times (x 141B)
Class org.gradle.internal.Cast                                                        : loaded 2 times (x 69B)
Class org.gradle.api.internal.ClassPathRegistry                                       : loaded 2 times (x 68B)
Class com.google.common.cache.LocalCache$EntryFactory                                 : loaded 2 times (x 81B)
Class com.google.common.util.concurrent.UncheckedExecutionException                   : loaded 2 times (x 80B)
Class com.google.common.collect.ImmutableSet                                          : loaded 2 times (x 143B)
Class org.gradle.internal.classloader.VisitableURLClassLoader$InstrumentingVisitableURLClassLoader: loaded 2 times (x 120B)
Class org.gradle.internal.classloader.ClassLoaderHierarchy                            : loaded 2 times (x 68B)
Class com.google.common.base.AbstractIterator$State                                   : loaded 2 times (x 77B)
Class com.google.common.cache.Weigher                                                 : loaded 2 times (x 68B)
Class com.google.common.base.CharMatcher$NamedFastMatcher                             : loaded 2 times (x 110B)
Class org.gradle.internal.InternalTransformer                                         : loaded 2 times (x 68B)
Class org.gradle.internal.service.ServiceLocator                                      : loaded 2 times (x 68B)
Class settings_eoou18dhdd28dso2yymew1pgh$_run_closure1                                : loaded 2 times (x 134B)
Class com.google.common.collect.ImmutableMapEntry                                     : loaded 2 times (x 83B)
Class com.google.common.base.CharMatcher$Invisible                                    : loaded 2 times (x 110B)
Class com.google.common.base.CharMatcher$FastMatcher                                  : loaded 2 times (x 109B)
Class org.gradle.internal.classpath.DefaultClassPath$ImmutableUniqueList              : loaded 2 times (x 159B)
Class com.google.common.base.CharMatcher$JavaLetter                                   : loaded 2 times (x 109B)
Class org.gradle.internal.classpath.TransformedClassPath                              : loaded 2 times (x 94B)
Class com.google.common.collect.MapDifference                                         : loaded 2 times (x 68B)
Class com.google.common.collect.Platform                                              : loaded 2 times (x 69B)
Class com.google.common.collect.ImmutableAsList                                       : loaded 2 times (x 169B)
Class com.google.common.util.concurrent.ExecutionError                                : loaded 2 times (x 80B)
Class com.google.common.base.Equivalence$Identity                                     : loaded 2 times (x 80B)
Class com.google.common.base.CharMatcher$AnyOf                                        : loaded 2 times (x 110B)
Class com.google.common.base.CharMatcher$IsEither                                     : loaded 2 times (x 109B)
Class com.google.common.cache.LocalCache                                              : loaded 2 times (x 185B)
Class com.google.common.collect.RegularImmutableList                                  : loaded 2 times (x 172B)
Class com.google.common.base.CharMatcher$JavaUpperCase                                : loaded 2 times (x 109B)
Class com.google.common.collect.Multiset                                              : loaded 2 times (x 68B)
Class com.google.common.collect.ImmutableSet$CachingAsList                            : loaded 2 times (x 145B)
Class com.google.common.collect.ImmutableMapEntry$NonTerminalImmutableMapEntry        : loaded 2 times (x 83B)
Class com.google.common.collect.AbstractMapBasedMultimap                              : loaded 2 times (x 137B)


---------------  S Y S T E M  ---------------

OS:
 Windows 10 , 64 bit Build 19041 (10.0.19041.3636)
OS uptime: 0 days 9:17 hours

CPU: total 8 (initial active 8) (4 cores per cpu, 2 threads per core) family 6 model 126 stepping 5 microcode 0x86, cx8, cmov, fxsr, ht, mmx, 3dnowpref, sse, sse2, sse3, ssse3, sse4.1, sse4.2, popcnt, lzcnt, tsc, tscinvbit, avx, avx2, aes, erms, clmul, bmi1, bmi2, adx, avx512f, avx512dq, avx512cd, avx512bw, avx512vl, sha, fma, vzeroupper, avx512_vpopcntdq, avx512_vpclmulqdq, avx512_vaes, avx512_vnni, clflush, clflushopt, avx512_vbmi2, avx512_vbmi

Memory: 4k page, system-wide physical 7969M (429M free)
TotalPageFile size 11969M (AvailPageFile size 21M)
current process WorkingSet (physical memory assigned to process): 283M, peak: 286M
current process commit charge ("private bytes"): 316M, peak: 342M

vm_info: OpenJDK 64-Bit Server VM (17.0.7+0-b2043.56-10550314) for windows-amd64 JRE (17.0.7+0-b2043.56-10550314), built on Jul 24 2023 18:27:45 by "androidbuild" with MS VC++ 16.10 / 16.11 (VS2019)

END.
