#
# There is insufficient memory for the Java Runtime Environment to continue.
# Native memory allocation (malloc) failed to allocate 986736 bytes for Chunk::new
# Possible reasons:
#   The system is out of physical RAM or swap space
#   The process is running with CompressedOops enabled, and the Java Heap may be blocking the growth of the native heap
# Possible solutions:
#   Reduce memory load on the system
#   Increase physical memory or swap space
#   Check if swap backing store is full
#   Decrease Java heap size (-Xmx/-Xms)
#   Decrease number of Java threads
#   Decrease Java thread stack sizes (-Xss)
#   Set larger code cache with -XX:ReservedCodeCacheSize=
#   JVM is running with Unscaled Compressed Oops mode in which the Java heap is
#     placed in the first 4GB address space. The Java Heap base address is the
#     maximum limit for the native heap growth. Please use -XX:HeapBaseMinAddress
#     to set the Java Heap base and to place the Java Heap above 4GB virtual address.
# This output file may be truncated or incomplete.
#
#  Out of Memory Error (arena.cpp:189), pid=6532, tid=5548
#
# JRE version: OpenJDK Runtime Environment (17.0.7) (build 17.0.7+0-b2043.56-10550314)
# Java VM: OpenJDK 64-Bit Server VM (17.0.7+0-b2043.56-10550314, mixed mode, tiered, compressed oops, compressed class ptrs, g1 gc, windows-amd64)
# No core dump will be written. Minidumps are not enabled by default on client versions of Windows
#

---------------  S U M M A R Y ------------

Command Line: --add-opens=java.base/java.util=ALL-UNNAMED --add-opens=java.base/java.lang=ALL-UNNAMED --add-opens=java.base/java.lang.invoke=ALL-UNNAMED --add-opens=java.prefs/java.util.prefs=ALL-UNNAMED --add-opens=java.base/java.nio.charset=ALL-UNNAMED --add-opens=java.base/java.net=ALL-UNNAMED --add-opens=java.base/java.util.concurrent.atomic=ALL-UNNAMED -Xmx2048m -Dfile.encoding=UTF-8 -Duser.country=US -Duser.language=en -Duser.variant -javaagent:C:\Users\Huynh Huu Nghia\.gradle\wrapper\dists\gradle-8.2-bin\bbg7u40eoinfdyxsxr3z4i7ta\gradle-8.2\lib\agents\gradle-instrumentation-agent-8.2.jar org.gradle.launcher.daemon.bootstrap.GradleDaemon 8.2

Host: Intel(R) Core(TM) i5-1035G1 CPU @ 1.00GHz, 8 cores, 7G,  Windows 10 , 64 bit Build 19041 (10.0.19041.3636)
Time: Fri May 31 18:29:23 2024 SE Asia Standard Time elapsed time: 6.822709 seconds (0d 0h 0m 6s)

---------------  T H R E A D  ---------------

Current thread (0x00000194fc68bab0):  JavaThread "C2 CompilerThread1" daemon [_thread_in_native, id=5548, stack(0x00000042a4400000,0x00000042a4500000)]


Current CompileTask:
C2:   6822 5706   !   4       java.net.URLClassLoader::findClass (47 bytes)

Stack: [0x00000042a4400000,0x00000042a4500000]
Native frames: (J=compiled Java code, j=interpreted, Vv=VM code, C=native code)
V  [jvm.dll+0x683bfa]
V  [jvm.dll+0x8430a4]
V  [jvm.dll+0x8449be]
V  [jvm.dll+0x845023]
V  [jvm.dll+0x24ad2f]
V  [jvm.dll+0xac25c]
V  [jvm.dll+0xac82c]
V  [jvm.dll+0x2b218f]
V  [jvm.dll+0x58c2f7]
V  [jvm.dll+0x225a12]
V  [jvm.dll+0x225def]
V  [jvm.dll+0x21f0b5]
V  [jvm.dll+0x21c56b]
V  [jvm.dll+0x1a605d]
V  [jvm.dll+0x22c148]
V  [jvm.dll+0x22a209]
V  [jvm.dll+0x7f858c]
V  [jvm.dll+0x7f2aea]
V  [jvm.dll+0x682a35]
C  [ucrtbase.dll+0x21bb2]
C  [KERNEL32.DLL+0x17344]
C  [ntdll.dll+0x526b1]


---------------  P R O C E S S  ---------------

Threads class SMR info:
_java_thread_list=0x0000019485c0ce20, length=51, elements={
0x00000194e2431560, 0x00000194fc2988f0, 0x00000194fc2993b0, 0x00000194fc2bf370,
0x00000194fc2bfe30, 0x00000194fc2c4710, 0x00000194fc4243c0, 0x00000194fc425060,
0x00000194fc425a10, 0x00000194fc431820, 0x00000194fc5094e0, 0x00000194fc630910,
0x00000194fc68bab0, 0x00000194fdc3f9e0, 0x00000194fe714150, 0x00000194fe0dc0c0,
0x00000194fd884910, 0x00000194fdc3d230, 0x00000194fd3e7810, 0x00000194fd3e7340,
0x00000194fd3e6000, 0x00000194fd3e7ce0, 0x00000194fd3e4cc0, 0x00000194fd3e81b0,
0x00000194fd3e5190, 0x00000194fd3e64d0, 0x00000194fd3e69a0, 0x00000194fd3e6e70,
0x00000194fd3e8680, 0x00000194fd3e5b30, 0x00000194fd3e5660, 0x00000194fec30210,
0x00000194fec2e530, 0x00000194fec306e0, 0x00000194fec30bb0, 0x00000194fec31080,
0x00000194fec31550, 0x00000194fec2ea00, 0x00000194fec2eed0, 0x00000194fec2fd40,
0x00000194fcc929e0, 0x00000194fcc90830, 0x00000194fcc92510, 0x00000194fcc8f9c0,
0x00000194fcc8fe90, 0x00000194fcc92eb0, 0x00000194fcc8e1b0, 0x00000194fcc8b660,
0x00000194fcc8bb30, 0x00000194fcc92040, 0x00000194fcc90d00
}

Java Threads: ( => current thread )
  0x00000194e2431560 JavaThread "main" [_thread_blocked, id=16348, stack(0x00000042a3100000,0x00000042a3200000)]
  0x00000194fc2988f0 JavaThread "Reference Handler" daemon [_thread_blocked, id=5180, stack(0x00000042a3800000,0x00000042a3900000)]
  0x00000194fc2993b0 JavaThread "Finalizer" daemon [_thread_blocked, id=2608, stack(0x00000042a3900000,0x00000042a3a00000)]
  0x00000194fc2bf370 JavaThread "Signal Dispatcher" daemon [_thread_blocked, id=3632, stack(0x00000042a3a00000,0x00000042a3b00000)]
  0x00000194fc2bfe30 JavaThread "Attach Listener" daemon [_thread_blocked, id=7316, stack(0x00000042a3b00000,0x00000042a3c00000)]
  0x00000194fc2c4710 JavaThread "Service Thread" daemon [_thread_blocked, id=4904, stack(0x00000042a3c00000,0x00000042a3d00000)]
  0x00000194fc4243c0 JavaThread "Monitor Deflation Thread" daemon [_thread_blocked, id=10112, stack(0x00000042a3d00000,0x00000042a3e00000)]
  0x00000194fc425060 JavaThread "C2 CompilerThread0" daemon [_thread_in_native, id=15872, stack(0x00000042a3e00000,0x00000042a3f00000)]
  0x00000194fc425a10 JavaThread "C1 CompilerThread0" daemon [_thread_in_vm, id=12772, stack(0x00000042a3f00000,0x00000042a4000000)]
  0x00000194fc431820 JavaThread "Sweeper thread" daemon [_thread_blocked, id=5488, stack(0x00000042a4000000,0x00000042a4100000)]
  0x00000194fc5094e0 JavaThread "Common-Cleaner" daemon [_thread_blocked, id=8116, stack(0x00000042a4100000,0x00000042a4200000)]
  0x00000194fc630910 JavaThread "Notification Thread" daemon [_thread_blocked, id=9380, stack(0x00000042a4200000,0x00000042a4300000)]
=>0x00000194fc68bab0 JavaThread "C2 CompilerThread1" daemon [_thread_in_native, id=5548, stack(0x00000042a4400000,0x00000042a4500000)]
  0x00000194fdc3f9e0 JavaThread "Daemon health stats" [_thread_blocked, id=1672, stack(0x00000042a4900000,0x00000042a4a00000)]
  0x00000194fe714150 JavaThread "Incoming local TCP Connector on port 57887" [_thread_in_native, id=15852, stack(0x00000042a4a00000,0x00000042a4b00000)]
  0x00000194fe0dc0c0 JavaThread "Daemon periodic checks" [_thread_blocked, id=8460, stack(0x00000042a4b00000,0x00000042a4c00000)]
  0x00000194fd884910 JavaThread "Daemon" [_thread_blocked, id=1816, stack(0x00000042a4c00000,0x00000042a4d00000)]
  0x00000194fdc3d230 JavaThread "Handler for socket connection from /127.0.0.1:57887 to /127.0.0.1:57888" [_thread_in_native, id=5388, stack(0x00000042a4d00000,0x00000042a4e00000)]
  0x00000194fd3e7810 JavaThread "Cancel handler" [_thread_blocked, id=4776, stack(0x00000042a4e00000,0x00000042a4f00000)]
  0x00000194fd3e7340 JavaThread "Daemon worker" [_thread_in_vm, id=9072, stack(0x00000042a4f00000,0x00000042a5000000)]
  0x00000194fd3e6000 JavaThread "Asynchronous log dispatcher for DefaultDaemonConnection: socket connection from /127.0.0.1:57887 to /127.0.0.1:57888" [_thread_blocked, id=14428, stack(0x00000042a5000000,0x00000042a5100000)]
  0x00000194fd3e7ce0 JavaThread "Stdin handler" [_thread_blocked, id=4040, stack(0x00000042a5100000,0x00000042a5200000)]
  0x00000194fd3e4cc0 JavaThread "Daemon client event forwarder" [_thread_blocked, id=13096, stack(0x00000042a5200000,0x00000042a5300000)]
  0x00000194fd3e81b0 JavaThread "Cache worker for journal cache (C:\Users\Huynh Huu Nghia\.gradle\caches\journal-1)" [_thread_blocked, id=8948, stack(0x00000042a5700000,0x00000042a5800000)]
  0x00000194fd3e5190 JavaThread "File lock request listener" [_thread_in_native, id=15728, stack(0x00000042a5800000,0x00000042a5900000)]
  0x00000194fd3e64d0 JavaThread "Cache worker for file hash cache (C:\Users\Huynh Huu Nghia\.gradle\caches\8.2\fileHashes)" [_thread_blocked, id=7732, stack(0x00000042a5900000,0x00000042a5a00000)]
  0x00000194fd3e69a0 JavaThread "File watcher server" daemon [_thread_in_native, id=16128, stack(0x00000042a5a00000,0x00000042a5b00000)]
  0x00000194fd3e6e70 JavaThread "File watcher consumer" daemon [_thread_blocked, id=10704, stack(0x00000042a5b00000,0x00000042a5c00000)]
  0x00000194fd3e8680 JavaThread "Cache worker for checksums cache (C:\IT\MyYoloV8App\.gradle\8.2\checksums)" [_thread_blocked, id=6048, stack(0x00000042a5c00000,0x00000042a5d00000)]
  0x00000194fd3e5b30 JavaThread "Cache worker for cache directory md-rule (C:\Users\Huynh Huu Nghia\.gradle\caches\8.2\md-rule)" [_thread_blocked, id=4880, stack(0x00000042a5d00000,0x00000042a5e00000)]
  0x00000194fd3e5660 JavaThread "Cache worker for file content cache (C:\Users\Huynh Huu Nghia\.gradle\caches\8.2\fileContent)" [_thread_blocked, id=16012, stack(0x00000042a5e00000,0x00000042a5f00000)]
  0x00000194fec30210 JavaThread "Cache worker for file hash cache (C:\IT\MyYoloV8App\.gradle\8.2\fileHashes)" [_thread_blocked, id=11348, stack(0x00000042a5f00000,0x00000042a6000000)]
  0x00000194fec2e530 JavaThread "Cache worker for cache directory md-supplier (C:\Users\Huynh Huu Nghia\.gradle\caches\8.2\md-supplier)" [_thread_blocked, id=14032, stack(0x00000042a6000000,0x00000042a6100000)]
  0x00000194fec306e0 JavaThread "Cache worker for execution history cache (C:\Users\Huynh Huu Nghia\.gradle\caches\8.2\executionHistory)" [_thread_blocked, id=7936, stack(0x00000042a6100000,0x00000042a6200000)]
  0x00000194fec30bb0 JavaThread "jar transforms" [_thread_blocked, id=3368, stack(0x00000042a6200000,0x00000042a6300000)]
  0x00000194fec31080 JavaThread "jar transforms Thread 2" [_thread_blocked, id=4688, stack(0x00000042a6500000,0x00000042a6600000)]
  0x00000194fec31550 JavaThread "jar transforms Thread 3" [_thread_blocked, id=15492, stack(0x00000042a6600000,0x00000042a6700000)]
  0x00000194fec2ea00 JavaThread "jar transforms Thread 4" [_thread_blocked, id=6348, stack(0x00000042a6700000,0x00000042a6800000)]
  0x00000194fec2eed0 JavaThread "Cache worker for dependencies-accessors (C:\IT\MyYoloV8App\.gradle\8.2\dependencies-accessors)" [_thread_blocked, id=7204, stack(0x00000042a6800000,0x00000042a6900000)]
  0x00000194fec2fd40 JavaThread "jar transforms Thread 5" [_thread_blocked, id=12828, stack(0x00000042a6900000,0x00000042a6a00000)]
  0x00000194fcc929e0 JavaThread "Cache worker for Build Output Cleanup Cache (C:\IT\MyYoloV8App\.gradle\buildOutputCleanup)" [_thread_blocked, id=4076, stack(0x00000042a6a00000,0x00000042a6b00000)]
  0x00000194fcc90830 JavaThread "Unconstrained build operations" [_thread_blocked, id=700, stack(0x00000042a6b00000,0x00000042a6c00000)]
  0x00000194fcc92510 JavaThread "Unconstrained build operations Thread 2" [_thread_blocked, id=6408, stack(0x00000042a6c00000,0x00000042a6d00000)]
  0x00000194fcc8f9c0 JavaThread "Unconstrained build operations Thread 3" [_thread_blocked, id=16352, stack(0x00000042a6d00000,0x00000042a6e00000)]
  0x00000194fcc8fe90 JavaThread "Unconstrained build operations Thread 4" [_thread_blocked, id=15764, stack(0x00000042a6e00000,0x00000042a6f00000)]
  0x00000194fcc92eb0 JavaThread "Unconstrained build operations Thread 5" [_thread_blocked, id=12360, stack(0x00000042a6f00000,0x00000042a7000000)]
  0x00000194fcc8e1b0 JavaThread "Unconstrained build operations Thread 6" [_thread_blocked, id=7836, stack(0x00000042a7000000,0x00000042a7100000)]
  0x00000194fcc8b660 JavaThread "Unconstrained build operations Thread 7" [_thread_blocked, id=9752, stack(0x00000042a7100000,0x00000042a7200000)]
  0x00000194fcc8bb30 JavaThread "jar transforms Thread 6" [_thread_blocked, id=6016, stack(0x00000042a7200000,0x00000042a7300000)]
  0x00000194fcc92040 JavaThread "jar transforms Thread 7" [_thread_blocked, id=7472, stack(0x00000042a7300000,0x00000042a7400000)]
  0x00000194fcc90d00 JavaThread "jar transforms Thread 8" [_thread_blocked, id=11788, stack(0x00000042a7400000,0x00000042a7500000)]

Other Threads:
  0x00000194fc295e30 VMThread "VM Thread" [stack: 0x00000042a3700000,0x00000042a3800000] [id=3796]
  0x00000194e24b37a0 WatcherThread [stack: 0x00000042a4300000,0x00000042a4400000] [id=9336]
  0x00000194e248e6d0 GCTaskThread "GC Thread#0" [stack: 0x00000042a3200000,0x00000042a3300000] [id=10820]
  0x00000194fd3fef00 GCTaskThread "GC Thread#1" [stack: 0x00000042a4500000,0x00000042a4600000] [id=3768]
  0x00000194fd3ff1b0 GCTaskThread "GC Thread#2" [stack: 0x00000042a4600000,0x00000042a4700000] [id=9156]
  0x00000194fd3a48a0 GCTaskThread "GC Thread#3" [stack: 0x00000042a4700000,0x00000042a4800000] [id=2808]
  0x00000194fca9bcd0 GCTaskThread "GC Thread#4" [stack: 0x00000042a4800000,0x00000042a4900000] [id=1848]
  0x00000194ff08ed20 GCTaskThread "GC Thread#5" [stack: 0x00000042a5300000,0x00000042a5400000] [id=6812]
  0x00000194fe1ff140 GCTaskThread "GC Thread#6" [stack: 0x00000042a5400000,0x00000042a5500000] [id=9944]
  0x00000194fe0b9d00 GCTaskThread "GC Thread#7" [stack: 0x00000042a5500000,0x00000042a5600000] [id=11956]
  0x00000194e249f520 ConcurrentGCThread "G1 Main Marker" [stack: 0x00000042a3300000,0x00000042a3400000] [id=1548]
  0x00000194e249fe40 ConcurrentGCThread "G1 Conc#0" [stack: 0x00000042a3400000,0x00000042a3500000] [id=15564]
  0x00000194fde7e460 ConcurrentGCThread "G1 Conc#1" [stack: 0x00000042a5600000,0x00000042a5700000] [id=5332]
  0x00000194fc1020c0 ConcurrentGCThread "G1 Refine#0" [stack: 0x00000042a3500000,0x00000042a3600000] [id=13708]
  0x000001948481aaf0 ConcurrentGCThread "G1 Refine#1" [stack: 0x00000042a6300000,0x00000042a6400000] [id=2024]
  0x000001948481c4d0 ConcurrentGCThread "G1 Refine#2" [stack: 0x00000042a6400000,0x00000042a6500000] [id=1860]
  0x00000194fc1029f0 ConcurrentGCThread "G1 Service" [stack: 0x00000042a3600000,0x00000042a3700000] [id=10440]

Threads with active compile tasks:
C2 CompilerThread0     6850 5735       4       org.objectweb.asm.SymbolTable::addConstantMemberReference (147 bytes)
C2 CompilerThread1     6850 5706   !   4       java.net.URLClassLoader::findClass (47 bytes)

VM state: not at safepoint (normal execution)

VM Mutex/Monitor currently owned by a thread: None

Heap address: 0x0000000080000000, size: 2048 MB, Compressed Oops mode: 32-bit

CDS archive(s) not mapped
Compressed class space mapped at: 0x0000000100000000-0x0000000140000000, reserved size: 1073741824
Narrow klass base: 0x0000000000000000, Narrow klass shift: 3, Narrow klass range: 0x140000000

GC Precious Log:
 CPUs: 8 total, 8 available
 Memory: 7969M
 Large Page Support: Disabled
 NUMA Support: Disabled
 Compressed Oops: Enabled (32-bit)
 Heap Region Size: 1M
 Heap Min Capacity: 8M
 Heap Initial Capacity: 126M
 Heap Max Capacity: 2G
 Pre-touch: Disabled
 Parallel Workers: 8
 Concurrent Workers: 2
 Concurrent Refinement Workers: 8
 Periodic GC: Disabled

Heap:
 garbage-first heap   total 89088K, used 57481K [0x0000000080000000, 0x0000000100000000)
  region size 1024K, 9 young (9216K), 1 survivors (1024K)
 Metaspace       used 54442K, committed 54912K, reserved 1114112K
  class space    used 7233K, committed 7424K, reserved 1048576K

Heap Regions: E=young(eden), S=young(survivor), O=old, HS=humongous(starts), HC=humongous(continues), CS=collection set, F=free, OA=open archive, CA=closed archive, TAMS=top-at-mark-start (previous, next)
|   0|0x0000000080000000, 0x0000000080100000, 0x0000000080100000|100%|HS|  |TAMS 0x0000000080100000, 0x0000000080000000| Complete 
|   1|0x0000000080100000, 0x0000000080200000, 0x0000000080200000|100%|HC|  |TAMS 0x0000000080200000, 0x0000000080100000| Complete 
|   2|0x0000000080200000, 0x0000000080300000, 0x0000000080300000|100%|HC|  |TAMS 0x0000000080300000, 0x0000000080200000| Complete 
|   3|0x0000000080300000, 0x0000000080400000, 0x0000000080400000|100%|HC|  |TAMS 0x0000000080400000, 0x0000000080300000| Complete 
|   4|0x0000000080400000, 0x0000000080500000, 0x0000000080500000|100%| O|  |TAMS 0x0000000080500000, 0x0000000080400000| Untracked 
|   5|0x0000000080500000, 0x0000000080600000, 0x0000000080600000|100%| O|  |TAMS 0x0000000080600000, 0x0000000080500000| Untracked 
|   6|0x0000000080600000, 0x0000000080700000, 0x0000000080700000|100%| O|  |TAMS 0x0000000080700000, 0x0000000080600000| Untracked 
|   7|0x0000000080700000, 0x0000000080800000, 0x0000000080800000|100%| O|  |TAMS 0x0000000080800000, 0x0000000080700000| Untracked 
|   8|0x0000000080800000, 0x0000000080900000, 0x0000000080900000|100%| O|  |TAMS 0x0000000080900000, 0x0000000080800000| Untracked 
|   9|0x0000000080900000, 0x0000000080a00000, 0x0000000080a00000|100%| O|  |TAMS 0x0000000080a00000, 0x0000000080900000| Untracked 
|  10|0x0000000080a00000, 0x0000000080a44800, 0x0000000080b00000| 26%| O|  |TAMS 0x0000000080a44800, 0x0000000080a00000| Untracked 
|  11|0x0000000080b00000, 0x0000000080c00000, 0x0000000080c00000|100%| O|  |TAMS 0x0000000080c00000, 0x0000000080b00000| Untracked 
|  12|0x0000000080c00000, 0x0000000080d00000, 0x0000000080d00000|100%| O|  |TAMS 0x0000000080d00000, 0x0000000080c00000| Untracked 
|  13|0x0000000080d00000, 0x0000000080e00000, 0x0000000080e00000|100%| O|  |TAMS 0x0000000080e00000, 0x0000000080d00000| Untracked 
|  14|0x0000000080e00000, 0x0000000080f00000, 0x0000000080f00000|100%| O|  |TAMS 0x0000000080f00000, 0x0000000080e00000| Untracked 
|  15|0x0000000080f00000, 0x0000000081000000, 0x0000000081000000|100%| O|  |TAMS 0x0000000081000000, 0x0000000080f00000| Untracked 
|  16|0x0000000081000000, 0x0000000081100000, 0x0000000081100000|100%| O|  |TAMS 0x0000000081100000, 0x0000000081000000| Untracked 
|  17|0x0000000081100000, 0x0000000081200000, 0x0000000081200000|100%| O|  |TAMS 0x0000000081200000, 0x0000000081100000| Untracked 
|  18|0x0000000081200000, 0x0000000081300000, 0x0000000081300000|100%| O|  |TAMS 0x0000000081300000, 0x0000000081200000| Untracked 
|  19|0x0000000081300000, 0x0000000081400000, 0x0000000081400000|100%| O|  |TAMS 0x0000000081400000, 0x0000000081300000| Untracked 
|  20|0x0000000081400000, 0x0000000081500000, 0x0000000081500000|100%| O|  |TAMS 0x0000000081500000, 0x0000000081400000| Untracked 
|  21|0x0000000081500000, 0x0000000081600000, 0x0000000081600000|100%| O|  |TAMS 0x0000000081600000, 0x0000000081500000| Untracked 
|  22|0x0000000081600000, 0x0000000081700000, 0x0000000081700000|100%| O|  |TAMS 0x0000000081700000, 0x0000000081600000| Untracked 
|  23|0x0000000081700000, 0x0000000081800000, 0x0000000081800000|100%|HS|  |TAMS 0x0000000081800000, 0x0000000081700000| Complete 
|  24|0x0000000081800000, 0x0000000081900000, 0x0000000081900000|100%|HS|  |TAMS 0x0000000081900000, 0x0000000081800000| Complete 
|  25|0x0000000081900000, 0x0000000081a00000, 0x0000000081a00000|100%| O|  |TAMS 0x0000000081a00000, 0x0000000081900000| Untracked 
|  26|0x0000000081a00000, 0x0000000081b00000, 0x0000000081b00000|100%| O|  |TAMS 0x0000000081b00000, 0x0000000081a00000| Untracked 
|  27|0x0000000081b00000, 0x0000000081c00000, 0x0000000081c00000|100%| O|  |TAMS 0x0000000081c00000, 0x0000000081b00000| Untracked 
|  28|0x0000000081c00000, 0x0000000081d00000, 0x0000000081d00000|100%| O|  |TAMS 0x0000000081d00000, 0x0000000081c00000| Untracked 
|  29|0x0000000081d00000, 0x0000000081e00000, 0x0000000081e00000|100%| O|  |TAMS 0x0000000081e00000, 0x0000000081d00000| Untracked 
|  30|0x0000000081e00000, 0x0000000081f00000, 0x0000000081f00000|100%| O|  |TAMS 0x0000000081f00000, 0x0000000081e00000| Untracked 
|  31|0x0000000081f00000, 0x0000000082000000, 0x0000000082000000|100%| O|  |TAMS 0x0000000082000000, 0x0000000081f00000| Untracked 
|  32|0x0000000082000000, 0x0000000082100000, 0x0000000082100000|100%| O|  |TAMS 0x0000000082100000, 0x0000000082000000| Untracked 
|  33|0x0000000082100000, 0x0000000082200000, 0x0000000082200000|100%| O|  |TAMS 0x0000000082200000, 0x0000000082100000| Untracked 
|  34|0x0000000082200000, 0x0000000082300000, 0x0000000082300000|100%| O|  |TAMS 0x0000000082300000, 0x0000000082200000| Untracked 
|  35|0x0000000082300000, 0x0000000082400000, 0x0000000082400000|100%|HS|  |TAMS 0x0000000082400000, 0x0000000082300000| Complete 
|  36|0x0000000082400000, 0x0000000082500000, 0x0000000082500000|100%| O|  |TAMS 0x0000000082400000, 0x0000000082400000| Untracked 
|  37|0x0000000082500000, 0x0000000082600000, 0x0000000082600000|100%|HS|  |TAMS 0x0000000082600000, 0x0000000082500000| Complete 
|  38|0x0000000082600000, 0x0000000082700000, 0x0000000082700000|100%| O|  |TAMS 0x0000000082700000, 0x0000000082600000| Untracked 
|  39|0x0000000082700000, 0x0000000082800000, 0x0000000082800000|100%| O|  |TAMS 0x0000000082800000, 0x0000000082700000| Untracked 
|  40|0x0000000082800000, 0x0000000082900000, 0x0000000082900000|100%| O|  |TAMS 0x0000000082900000, 0x0000000082800000| Untracked 
|  41|0x0000000082900000, 0x0000000082a00000, 0x0000000082a00000|100%| O|  |TAMS 0x0000000082a00000, 0x0000000082900000| Untracked 
|  42|0x0000000082a00000, 0x0000000082b00000, 0x0000000082b00000|100%| O|  |TAMS 0x0000000082b00000, 0x0000000082a00000| Untracked 
|  43|0x0000000082b00000, 0x0000000082c00000, 0x0000000082c00000|100%| O|  |TAMS 0x0000000082c00000, 0x0000000082b00000| Untracked 
|  44|0x0000000082c00000, 0x0000000082d00000, 0x0000000082d00000|100%| O|  |TAMS 0x0000000082c39000, 0x0000000082c00000| Untracked 
|  45|0x0000000082d00000, 0x0000000082e00000, 0x0000000082e00000|100%| O|  |TAMS 0x0000000082d00000, 0x0000000082d00000| Untracked 
|  46|0x0000000082e00000, 0x0000000082f00000, 0x0000000082f00000|100%| O|  |TAMS 0x0000000082e00000, 0x0000000082e00000| Untracked 
|  47|0x0000000082f00000, 0x0000000083000000, 0x0000000083000000|100%| O|  |TAMS 0x0000000082f00000, 0x0000000082f00000| Untracked 
|  48|0x0000000083000000, 0x0000000083100000, 0x0000000083100000|100%|HS|  |TAMS 0x0000000083000000, 0x0000000083000000| Complete 
|  49|0x0000000083100000, 0x0000000083100000, 0x0000000083200000|  0%| F|  |TAMS 0x0000000083100000, 0x0000000083100000| Untracked 
|  50|0x0000000083200000, 0x0000000083200000, 0x0000000083300000|  0%| F|  |TAMS 0x0000000083200000, 0x0000000083200000| Untracked 
|  51|0x0000000083300000, 0x0000000083300000, 0x0000000083400000|  0%| F|  |TAMS 0x0000000083300000, 0x0000000083300000| Untracked 
|  52|0x0000000083400000, 0x0000000083400000, 0x0000000083500000|  0%| F|  |TAMS 0x0000000083400000, 0x0000000083400000| Untracked 
|  53|0x0000000083500000, 0x0000000083500000, 0x0000000083600000|  0%| F|  |TAMS 0x0000000083500000, 0x0000000083500000| Untracked 
|  54|0x0000000083600000, 0x0000000083600000, 0x0000000083700000|  0%| F|  |TAMS 0x0000000083600000, 0x0000000083600000| Untracked 
|  55|0x0000000083700000, 0x0000000083700000, 0x0000000083800000|  0%| F|  |TAMS 0x0000000083700000, 0x0000000083700000| Untracked 
|  56|0x0000000083800000, 0x0000000083800000, 0x0000000083900000|  0%| F|  |TAMS 0x0000000083800000, 0x0000000083800000| Untracked 
|  57|0x0000000083900000, 0x0000000083900000, 0x0000000083a00000|  0%| F|  |TAMS 0x0000000083900000, 0x0000000083900000| Untracked 
|  58|0x0000000083a00000, 0x0000000083a00000, 0x0000000083b00000|  0%| F|  |TAMS 0x0000000083a00000, 0x0000000083a00000| Untracked 
|  59|0x0000000083b00000, 0x0000000083b00000, 0x0000000083c00000|  0%| F|  |TAMS 0x0000000083b00000, 0x0000000083b00000| Untracked 
|  60|0x0000000083c00000, 0x0000000083c00000, 0x0000000083d00000|  0%| F|  |TAMS 0x0000000083c00000, 0x0000000083c00000| Untracked 
|  61|0x0000000083d00000, 0x0000000083d00000, 0x0000000083e00000|  0%| F|  |TAMS 0x0000000083d00000, 0x0000000083d00000| Untracked 
|  62|0x0000000083e00000, 0x0000000083e00000, 0x0000000083f00000|  0%| F|  |TAMS 0x0000000083e00000, 0x0000000083e00000| Untracked 
|  63|0x0000000083f00000, 0x0000000083f00000, 0x0000000084000000|  0%| F|  |TAMS 0x0000000083f00000, 0x0000000083f00000| Untracked 
|  64|0x0000000084000000, 0x0000000084000000, 0x0000000084100000|  0%| F|  |TAMS 0x0000000084000000, 0x0000000084000000| Untracked 
|  65|0x0000000084100000, 0x0000000084100000, 0x0000000084200000|  0%| F|  |TAMS 0x0000000084100000, 0x0000000084100000| Untracked 
|  66|0x0000000084200000, 0x0000000084200000, 0x0000000084300000|  0%| F|  |TAMS 0x0000000084200000, 0x0000000084200000| Untracked 
|  67|0x0000000084300000, 0x0000000084300000, 0x0000000084400000|  0%| F|  |TAMS 0x0000000084300000, 0x0000000084300000| Untracked 
|  68|0x0000000084400000, 0x0000000084400000, 0x0000000084500000|  0%| F|  |TAMS 0x0000000084400000, 0x0000000084400000| Untracked 
|  69|0x0000000084500000, 0x0000000084500000, 0x0000000084600000|  0%| F|  |TAMS 0x0000000084500000, 0x0000000084500000| Untracked 
|  70|0x0000000084600000, 0x0000000084600000, 0x0000000084700000|  0%| F|  |TAMS 0x0000000084600000, 0x0000000084600000| Untracked 
|  71|0x0000000084700000, 0x0000000084700000, 0x0000000084800000|  0%| F|  |TAMS 0x0000000084700000, 0x0000000084700000| Untracked 
|  72|0x0000000084800000, 0x0000000084800000, 0x0000000084900000|  0%| F|  |TAMS 0x0000000084800000, 0x0000000084800000| Untracked 
|  73|0x0000000084900000, 0x0000000084900000, 0x0000000084a00000|  0%| F|  |TAMS 0x0000000084900000, 0x0000000084900000| Untracked 
|  74|0x0000000084a00000, 0x0000000084a00000, 0x0000000084b00000|  0%| F|  |TAMS 0x0000000084a00000, 0x0000000084a00000| Untracked 
|  75|0x0000000084b00000, 0x0000000084b00000, 0x0000000084c00000|  0%| F|  |TAMS 0x0000000084b00000, 0x0000000084b00000| Untracked 
|  76|0x0000000084c00000, 0x0000000084c00000, 0x0000000084d00000|  0%| F|  |TAMS 0x0000000084c00000, 0x0000000084c00000| Untracked 
|  77|0x0000000084d00000, 0x0000000084d51850, 0x0000000084e00000| 31%| E|  |TAMS 0x0000000084d00000, 0x0000000084d00000| Complete 
|  78|0x0000000084e00000, 0x0000000084eddf90, 0x0000000084f00000| 86%| S|CS|TAMS 0x0000000084e00000, 0x0000000084e00000| Complete 
|  79|0x0000000084f00000, 0x0000000085000000, 0x0000000085000000|100%| E|CS|TAMS 0x0000000084f00000, 0x0000000084f00000| Complete 
|  80|0x0000000085000000, 0x0000000085100000, 0x0000000085100000|100%| E|CS|TAMS 0x0000000085000000, 0x0000000085000000| Complete 
|  81|0x0000000085100000, 0x0000000085200000, 0x0000000085200000|100%| E|CS|TAMS 0x0000000085100000, 0x0000000085100000| Complete 
|  82|0x0000000085200000, 0x0000000085300000, 0x0000000085300000|100%| E|CS|TAMS 0x0000000085200000, 0x0000000085200000| Complete 
|  83|0x0000000085300000, 0x0000000085400000, 0x0000000085400000|100%| E|CS|TAMS 0x0000000085300000, 0x0000000085300000| Complete 
|  84|0x0000000085400000, 0x0000000085500000, 0x0000000085500000|100%| E|CS|TAMS 0x0000000085400000, 0x0000000085400000| Complete 
|  85|0x0000000085500000, 0x0000000085600000, 0x0000000085600000|100%| E|CS|TAMS 0x0000000085500000, 0x0000000085500000| Complete 
| 125|0x0000000087d00000, 0x0000000087e00000, 0x0000000087e00000|100%| E|CS|TAMS 0x0000000087d00000, 0x0000000087d00000| Complete 

Card table byte_map: [0x00000194f5040000,0x00000194f5440000] _byte_map_base: 0x00000194f4c40000

Marking Bits (Prev, Next): (CMBitMap*) 0x00000194e248ec30, (CMBitMap*) 0x00000194e248ebf0
 Prev Bits: [0x00000194f7840000, 0x00000194f9840000)
 Next Bits: [0x00000194f5840000, 0x00000194f7840000)

Polling page: 0x00000194e1c00000

Metaspace:

Usage:
  Non-class:     46.12 MB used.
      Class:      7.07 MB used.
       Both:     53.19 MB used.

Virtual space:
  Non-class space:       64.00 MB reserved,      46.38 MB ( 72%) committed,  1 nodes.
      Class space:        1.00 GB reserved,       7.25 MB ( <1%) committed,  1 nodes.
             Both:        1.06 GB reserved,      53.62 MB (  5%) committed. 

Chunk freelists:
   Non-Class:  856.00 KB
       Class:  8.76 MB
        Both:  9.60 MB

MaxMetaspaceSize: unlimited
CompressedClassSpaceSize: 1.00 GB
Initial GC threshold: 21.00 MB
Current GC threshold: 88.56 MB
CDS: off
MetaspaceReclaimPolicy: balanced
 - commit_granule_bytes: 65536.
 - commit_granule_words: 8192.
 - virtual_space_node_default_size: 8388608.
 - enlarge_chunks_in_place: 1.
 - new_chunks_are_fully_committed: 0.
 - uncommit_free_chunks: 1.
 - use_allocation_guard: 0.
 - handle_deallocations: 1.


Internal statistics:

num_allocs_failed_limit: 6.
num_arena_births: 498.
num_arena_deaths: 0.
num_vsnodes_births: 2.
num_vsnodes_deaths: 0.
num_space_committed: 858.
num_space_uncommitted: 0.
num_chunks_returned_to_freelist: 6.
num_chunks_taken_from_freelist: 2223.
num_chunk_merges: 6.
num_chunk_splits: 1499.
num_chunks_enlarged: 1034.
num_inconsistent_stats: 0.

CodeHeap 'non-profiled nmethods': size=120000Kb used=3450Kb max_used=3450Kb free=116549Kb
 bounds [0x00000194ed3e0000, 0x00000194ed740000, 0x00000194f4910000]
CodeHeap 'profiled nmethods': size=120000Kb used=11239Kb max_used=11239Kb free=108760Kb
 bounds [0x00000194e5910000, 0x00000194e6410000, 0x00000194ece40000]
CodeHeap 'non-nmethods': size=5760Kb used=2325Kb max_used=2382Kb free=3434Kb
 bounds [0x00000194ece40000, 0x00000194ed0b0000, 0x00000194ed3e0000]
 total_blobs=6563 nmethods=5735 adapters=740
 compilation: enabled
              stopped_count=0, restarted_count=0
 full_count=0

Compilation events (20 events):
Event: 6.771 Thread 0x00000194fc425a10 5712       3       java.lang.instrument.ClassFileTransformer::transform (15 bytes)
Event: 6.771 Thread 0x00000194fc425a10 nmethod 5712 0x00000194e63fb410 code [0x00000194e63fb5c0, 0x00000194e63fb748]
Event: 6.774 Thread 0x00000194fc425a10 5713       3       java.util.Spliterator::getExactSizeIfKnown (25 bytes)
Event: 6.774 Thread 0x00000194fc425a10 nmethod 5713 0x00000194e63fb890 code [0x00000194e63fba40, 0x00000194e63fbd18]
Event: 6.775 Thread 0x00000194fc425060 5714   !   4       sun.instrument.TransformerManager::transform (100 bytes)
Event: 6.775 Thread 0x00000194fc425a10 5715       3       java.util.concurrent.ConcurrentHashMap$BaseIterator::<init> (21 bytes)
Event: 6.776 Thread 0x00000194fc425a10 nmethod 5715 0x00000194e63fbe10 code [0x00000194e63fbfc0, 0x00000194e63fc198]
Event: 6.781 Thread 0x00000194fc425a10 5716   !   3       com.google.common.collect.MapMakerInternalMap$Segment::runLockedCleanup (34 bytes)
Event: 6.781 Thread 0x00000194fc425a10 nmethod 5716 0x00000194e63fc290 code [0x00000194e63fc4c0, 0x00000194e63fcd38]
Event: 6.782 Thread 0x00000194fc425060 nmethod 5714 0x00000194ed73c310 code [0x00000194ed73c4c0, 0x00000194ed73c8f8]
Event: 6.804 Thread 0x00000194fc425a10 5717       3       com.google.common.collect.MapMakerInternalMap$StrongKeyWeakValueEntry$Helper::newEntry (16 bytes)
Event: 6.804 Thread 0x00000194fc425a10 nmethod 5717 0x00000194e63fd010 code [0x00000194e63fd1c0, 0x00000194e63fd4c8]
Event: 6.804 Thread 0x00000194fc425a10 5718       3       com.google.common.collect.MapMakerInternalMap$StrongKeyWeakValueEntry$Helper::newEntry (12 bytes)
Event: 6.804 Thread 0x00000194fc425a10 nmethod 5718 0x00000194e63fd590 code [0x00000194e63fd760, 0x00000194e63fdb78]
Event: 6.804 Thread 0x00000194fc425a10 5719       3       com.google.common.collect.MapMakerInternalMap$StrongKeyWeakValueEntry$Helper::setValue (14 bytes)
Event: 6.804 Thread 0x00000194fc425a10 nmethod 5719 0x00000194e63fdd10 code [0x00000194e63fdee0, 0x00000194e63fe268]
Event: 6.804 Thread 0x00000194fc425a10 5720       3       com.google.common.collect.MapMakerInternalMap$StrongKeyWeakValueEntry$Helper::setValue (10 bytes)
Event: 6.804 Thread 0x00000194fc425a10 nmethod 5720 0x00000194e63fe410 code [0x00000194e63fe5c0, 0x00000194e63fe728]
Event: 6.804 Thread 0x00000194fc425a10 5721       3       com.google.common.collect.MapMakerInternalMap$StrongKeyWeakValueEntry::setValue (26 bytes)
Event: 6.805 Thread 0x00000194fc425a10 nmethod 5721 0x00000194e63fe810 code [0x00000194e63fe9e0, 0x00000194e63fef68]

GC Heap History (20 events):
Event: 2.400 GC heap before
{Heap before GC invocations=4 (full 0):
 garbage-first heap   total 71680K, used 52609K [0x0000000080000000, 0x0000000100000000)
  region size 1024K, 42 young (43008K), 9 survivors (9216K)
 Metaspace       used 26092K, committed 26368K, reserved 1114112K
  class space    used 3415K, committed 3520K, reserved 1048576K
}
Event: 2.406 GC heap after
{Heap after GC invocations=5 (full 0):
 garbage-first heap   total 71680K, used 20677K [0x0000000080000000, 0x0000000100000000)
  region size 1024K, 3 young (3072K), 3 survivors (3072K)
 Metaspace       used 26092K, committed 26368K, reserved 1114112K
  class space    used 3415K, committed 3520K, reserved 1048576K
}
Event: 2.862 GC heap before
{Heap before GC invocations=5 (full 0):
 garbage-first heap   total 71680K, used 49349K [0x0000000080000000, 0x0000000100000000)
  region size 1024K, 32 young (32768K), 3 survivors (3072K)
 Metaspace       used 30130K, committed 30464K, reserved 1114112K
  class space    used 4075K, committed 4224K, reserved 1048576K
}
Event: 2.865 GC heap after
{Heap after GC invocations=6 (full 0):
 garbage-first heap   total 71680K, used 21826K [0x0000000080000000, 0x0000000100000000)
  region size 1024K, 4 young (4096K), 4 survivors (4096K)
 Metaspace       used 30130K, committed 30464K, reserved 1114112K
  class space    used 4075K, committed 4224K, reserved 1048576K
}
Event: 3.326 GC heap before
{Heap before GC invocations=6 (full 0):
 garbage-first heap   total 71680K, used 52546K [0x0000000080000000, 0x0000000100000000)
  region size 1024K, 34 young (34816K), 4 survivors (4096K)
 Metaspace       used 34486K, committed 34816K, reserved 1114112K
  class space    used 4758K, committed 4928K, reserved 1048576K
}
Event: 3.331 GC heap after
{Heap after GC invocations=7 (full 0):
 garbage-first heap   total 71680K, used 23343K [0x0000000080000000, 0x0000000100000000)
  region size 1024K, 3 young (3072K), 3 survivors (3072K)
 Metaspace       used 34486K, committed 34816K, reserved 1114112K
  class space    used 4758K, committed 4928K, reserved 1048576K
}
Event: 3.455 GC heap before
{Heap before GC invocations=7 (full 0):
 garbage-first heap   total 71680K, used 30511K [0x0000000080000000, 0x0000000100000000)
  region size 1024K, 11 young (11264K), 3 survivors (3072K)
 Metaspace       used 35616K, committed 35968K, reserved 1114112K
  class space    used 4944K, committed 5120K, reserved 1048576K
}
Event: 3.459 GC heap after
{Heap after GC invocations=8 (full 0):
 garbage-first heap   total 86016K, used 24124K [0x0000000080000000, 0x0000000100000000)
  region size 1024K, 3 young (3072K), 3 survivors (3072K)
 Metaspace       used 35616K, committed 35968K, reserved 1114112K
  class space    used 4944K, committed 5120K, reserved 1048576K
}
Event: 4.100 GC heap before
{Heap before GC invocations=9 (full 0):
 garbage-first heap   total 86016K, used 63036K [0x0000000080000000, 0x0000000100000000)
  region size 1024K, 42 young (43008K), 3 survivors (3072K)
 Metaspace       used 41170K, committed 41408K, reserved 1114112K
  class space    used 5475K, committed 5568K, reserved 1048576K
}
Event: 4.104 GC heap after
{Heap after GC invocations=10 (full 0):
 garbage-first heap   total 86016K, used 28484K [0x0000000080000000, 0x0000000100000000)
  region size 1024K, 6 young (6144K), 6 survivors (6144K)
 Metaspace       used 41170K, committed 41408K, reserved 1114112K
  class space    used 5475K, committed 5568K, reserved 1048576K
}
Event: 4.638 GC heap before
{Heap before GC invocations=10 (full 0):
 garbage-first heap   total 86016K, used 69444K [0x0000000080000000, 0x0000000100000000)
  region size 1024K, 42 young (43008K), 6 survivors (6144K)
 Metaspace       used 44717K, committed 45120K, reserved 1114112K
  class space    used 5916K, committed 6080K, reserved 1048576K
}
Event: 4.643 GC heap after
{Heap after GC invocations=11 (full 0):
 garbage-first heap   total 86016K, used 32196K [0x0000000080000000, 0x0000000100000000)
  region size 1024K, 4 young (4096K), 4 survivors (4096K)
 Metaspace       used 44717K, committed 45120K, reserved 1114112K
  class space    used 5916K, committed 6080K, reserved 1048576K
}
Event: 5.084 GC heap before
{Heap before GC invocations=11 (full 0):
 garbage-first heap   total 86016K, used 65988K [0x0000000080000000, 0x0000000100000000)
  region size 1024K, 36 young (36864K), 4 survivors (4096K)
 Metaspace       used 49195K, committed 49600K, reserved 1114112K
  class space    used 6538K, committed 6720K, reserved 1048576K
}
Event: 5.088 GC heap after
{Heap after GC invocations=12 (full 0):
 garbage-first heap   total 86016K, used 33976K [0x0000000080000000, 0x0000000100000000)
  region size 1024K, 2 young (2048K), 2 survivors (2048K)
 Metaspace       used 49195K, committed 49600K, reserved 1114112K
  class space    used 6538K, committed 6720K, reserved 1048576K
}
Event: 5.938 GC heap before
{Heap before GC invocations=12 (full 0):
 garbage-first heap   total 86016K, used 66744K [0x0000000080000000, 0x0000000100000000)
  region size 1024K, 34 young (34816K), 2 survivors (2048K)
 Metaspace       used 52281K, committed 52672K, reserved 1114112K
  class space    used 6949K, committed 7104K, reserved 1048576K
}
Event: 5.943 GC heap after
{Heap after GC invocations=13 (full 0):
 garbage-first heap   total 86016K, used 36269K [0x0000000080000000, 0x0000000100000000)
  region size 1024K, 5 young (5120K), 5 survivors (5120K)
 Metaspace       used 52281K, committed 52672K, reserved 1114112K
  class space    used 6949K, committed 7104K, reserved 1048576K
}
Event: 6.649 GC heap before
{Heap before GC invocations=13 (full 0):
 garbage-first heap   total 86016K, used 70061K [0x0000000080000000, 0x0000000100000000)
  region size 1024K, 34 young (34816K), 5 survivors (5120K)
 Metaspace       used 53497K, committed 53952K, reserved 1114112K
  class space    used 7097K, committed 7296K, reserved 1048576K
}
Event: 6.654 GC heap after
{Heap after GC invocations=14 (full 0):
 garbage-first heap   total 86016K, used 48630K [0x0000000080000000, 0x0000000100000000)
  region size 1024K, 5 young (5120K), 5 survivors (5120K)
 Metaspace       used 53497K, committed 53952K, reserved 1114112K
  class space    used 7097K, committed 7296K, reserved 1048576K
}
Event: 6.712 GC heap before
{Heap before GC invocations=14 (full 0):
 garbage-first heap   total 86016K, used 51702K [0x0000000080000000, 0x0000000100000000)
  region size 1024K, 10 young (10240K), 5 survivors (5120K)
 Metaspace       used 53816K, committed 54272K, reserved 1114112K
  class space    used 7124K, committed 7296K, reserved 1048576K
}
Event: 6.714 GC heap after
{Heap after GC invocations=15 (full 0):
 garbage-first heap   total 86016K, used 49289K [0x0000000080000000, 0x0000000100000000)
  region size 1024K, 1 young (1024K), 1 survivors (1024K)
 Metaspace       used 53816K, committed 54272K, reserved 1114112K
  class space    used 7124K, committed 7296K, reserved 1048576K
}

Dll operation events (3 events):
Event: 0.010 Loaded shared library C:\Program Files\Android\Android Studio\jbr\bin\java.dll
Event: 0.143 Loaded shared library C:\Program Files\Android\Android Studio\jbr\bin\zip.dll
Event: 0.405 Loaded shared library C:\Program Files\Android\Android Studio\jbr\bin\verify.dll

Deoptimization events (20 events):
Event: 6.556 Thread 0x00000194fd3e7340 DEOPT PACKING pc=0x00000194e63cff69 sp=0x00000042a4ff5d50
Event: 6.556 Thread 0x00000194fd3e7340 DEOPT UNPACKING pc=0x00000194ece9ace3 sp=0x00000042a4ff52d0 mode 0
Event: 6.566 Thread 0x00000194fd3e7340 DEOPT PACKING pc=0x00000194e615c7d1 sp=0x00000042a4ff44d0
Event: 6.566 Thread 0x00000194fd3e7340 DEOPT UNPACKING pc=0x00000194ece9ace3 sp=0x00000042a4ff39c8 mode 0
Event: 6.703 Thread 0x00000194fd3e7340 Uncommon trap: trap_request=0xffffffbe fr.pc=0x00000194ed72f590 relative=0x00000000000002d0
Event: 6.703 Thread 0x00000194fd3e7340 Uncommon trap: reason=profile_predicate action=maybe_recompile pc=0x00000194ed72f590 method=sun.instrument.TransformerManager.transform(Ljava/lang/Module;Ljava/lang/ClassLoader;Ljava/lang/String;Ljava/lang/Class;Ljava/security/ProtectionDomain;[B)[B @ 21 
Event: 6.703 Thread 0x00000194fd3e7340 DEOPT PACKING pc=0x00000194ed72f590 sp=0x00000042a4ff4f10
Event: 6.704 Thread 0x00000194fd3e7340 DEOPT UNPACKING pc=0x00000194ece9a1a3 sp=0x00000042a4ff4e20 mode 2
Event: 6.705 Thread 0x00000194fd3e7340 Uncommon trap: trap_request=0xffffffbe fr.pc=0x00000194ed72f590 relative=0x00000000000002d0
Event: 6.705 Thread 0x00000194fd3e7340 Uncommon trap: reason=profile_predicate action=maybe_recompile pc=0x00000194ed72f590 method=sun.instrument.TransformerManager.transform(Ljava/lang/Module;Ljava/lang/ClassLoader;Ljava/lang/String;Ljava/lang/Class;Ljava/security/ProtectionDomain;[B)[B @ 21 
Event: 6.705 Thread 0x00000194fd3e7340 DEOPT PACKING pc=0x00000194ed72f590 sp=0x00000042a4ff4e60
Event: 6.705 Thread 0x00000194fd3e7340 DEOPT UNPACKING pc=0x00000194ece9a1a3 sp=0x00000042a4ff4d70 mode 2
Event: 6.707 Thread 0x00000194fd3e7340 Uncommon trap: trap_request=0xffffffbe fr.pc=0x00000194ed72f590 relative=0x00000000000002d0
Event: 6.707 Thread 0x00000194fd3e7340 Uncommon trap: reason=profile_predicate action=maybe_recompile pc=0x00000194ed72f590 method=sun.instrument.TransformerManager.transform(Ljava/lang/Module;Ljava/lang/ClassLoader;Ljava/lang/String;Ljava/lang/Class;Ljava/security/ProtectionDomain;[B)[B @ 21 
Event: 6.707 Thread 0x00000194fd3e7340 DEOPT PACKING pc=0x00000194ed72f590 sp=0x00000042a4ff3230
Event: 6.707 Thread 0x00000194fd3e7340 DEOPT UNPACKING pc=0x00000194ece9a1a3 sp=0x00000042a4ff3140 mode 2
Event: 6.770 Thread 0x00000194fd3e7340 Uncommon trap: trap_request=0xffffffbe fr.pc=0x00000194ed72f590 relative=0x00000000000002d0
Event: 6.770 Thread 0x00000194fd3e7340 Uncommon trap: reason=profile_predicate action=maybe_recompile pc=0x00000194ed72f590 method=sun.instrument.TransformerManager.transform(Ljava/lang/Module;Ljava/lang/ClassLoader;Ljava/lang/String;Ljava/lang/Class;Ljava/security/ProtectionDomain;[B)[B @ 21 
Event: 6.770 Thread 0x00000194fd3e7340 DEOPT PACKING pc=0x00000194ed72f590 sp=0x00000042a4ff4d40
Event: 6.770 Thread 0x00000194fd3e7340 DEOPT UNPACKING pc=0x00000194ece9a1a3 sp=0x00000042a4ff4c50 mode 2

Classes unloaded (0 events):
No events

Classes redefined (0 events):
No events

Internal exceptions (20 events):
Event: 5.395 Thread 0x00000194fd3e7340 Exception <a 'java/lang/NoSuchMethodError'{0x0000000084243118}: 'java.lang.Object java.lang.invoke.DirectMethodHandle$Holder.invokeStatic(java.lang.Object, java.lang.Object, java.lang.Object, java.lang.Object, java.lang.Object, java.lang.Object, java.lang.Object, java.lang.Object, java.lang.Object, java.lang.Object, java.lang.Object, java.lang.Object, java.lang.Object, java.lang.Object, java.lang.Object, java.lang.Object, java.lang.Object, java.lang.Object, java.lang.Object)'> (0x0000000084243118) 
thrown 
Event: 5.396 Thread 0x00000194fd3e7340 Exception <a 'java/lang/NoSuchMethodError'{0x000000008426e6e8}: 'java.lang.Object java.lang.invoke.DirectMethodHandle$Holder.invokeStatic(java.lang.Object, java.lang.Object, java.lang.Object, java.lang.Object, java.lang.Object, java.lang.Object, java.lang.Object, java.lang.Object, java.lang.Object, java.lang.Object, java.lang.Object, java.lang.Object, java.lang.Object, java.lang.Object, java.lang.Object, java.lang.Object, java.lang.Object, java.lang.Object, java.lang.Object, java.lang.Object)'> (0x00000000
Event: 5.398 Thread 0x00000194fd3e7340 Exception <a 'java/lang/NoSuchMethodError'{0x000000008429b060}: 'java.lang.Object java.lang.invoke.DirectMethodHandle$Holder.invokeStatic(java.lang.Object, java.lang.Object, java.lang.Object, java.lang.Object, java.lang.Object, java.lang.Object, java.lang.Object, java.lang.Object, java.lang.Object, java.lang.Object, java.lang.Object, java.lang.Object, java.lang.Object, java.lang.Object, java.lang.Object, java.lang.Object, java.lang.Object, java.lang.Object, java.lang.Object, java.lang.Object, java.lang.Obj
Event: 5.399 Thread 0x00000194fd3e7340 Exception <a 'java/lang/NoSuchMethodError'{0x00000000842c8298}: 'java.lang.Object java.lang.invoke.DirectMethodHandle$Holder.invokeStatic(java.lang.Object, java.lang.Object, java.lang.Object, java.lang.Object, java.lang.Object, java.lang.Object, java.lang.Object, java.lang.Object, java.lang.Object, java.lang.Object, java.lang.Object, java.lang.Object, java.lang.Object, java.lang.Object, java.lang.Object, java.lang.Object, java.lang.Object, java.lang.Object, java.lang.Object, java.lang.Object, java.lang.Obj
Event: 5.402 Thread 0x00000194fd3e7340 Exception <a 'java/lang/NoSuchMethodError'{0x00000000842f6f98}: 'java.lang.Object java.lang.invoke.DirectMethodHandle$Holder.invokeStatic(java.lang.Object, java.lang.Object, java.lang.Object, java.lang.Object, java.lang.Object, java.lang.Object, java.lang.Object, java.lang.Object, java.lang.Object, java.lang.Object, java.lang.Object, java.lang.Object, java.lang.Object, java.lang.Object, java.lang.Object, java.lang.Object, java.lang.Object, java.lang.Object, java.lang.Object, java.lang.Object, java.lang.Obj
Event: 5.404 Thread 0x00000194fd3e7340 Exception <a 'java/lang/NoSuchMethodError'{0x0000000084128078}: 'java.lang.Object java.lang.invoke.DirectMethodHandle$Holder.invokeStatic(java.lang.Object, java.lang.Object, java.lang.Object, java.lang.Object, java.lang.Object, java.lang.Object, java.lang.Object, java.lang.Object, java.lang.Object, java.lang.Object, java.lang.Object, java.lang.Object, java.lang.Object, java.lang.Object, java.lang.Object, java.lang.Object, java.lang.Object, java.lang.Object, java.lang.Object, java.lang.Object, java.lang.Obj
Event: 6.368 Thread 0x00000194fd3e7340 Exception <a 'java/lang/NoSuchMethodError'{0x0000000084734148}: 'long java.lang.invoke.DirectMethodHandle$Holder.invokeVirtual(java.lang.Object, java.lang.Object)'> (0x0000000084734148) 
thrown [s\src\hotspot\share\interpreter\linkResolver.cpp, line 771]
Event: 6.378 Thread 0x00000194fd3e4cc0 Exception <a 'java/lang/NoSuchMethodError'{0x0000000084790910}: static Lorg/gradle/internal/build/event/types/DefaultOperationFinishedProgressEvent;.<clinit>()V> (0x0000000084790910) 
thrown [s\src\hotspot\share\prims\jni.cpp, line 1108]
Event: 6.382 Thread 0x00000194fd3e4cc0 Exception <a 'java/lang/NoSuchMethodError'{0x00000000847b60d0}: static Lorg/gradle/internal/build/event/types/DefaultProjectConfigurationSuccessResult;.<clinit>()V> (0x00000000847b60d0) 
thrown [s\src\hotspot\share\prims\jni.cpp, line 1108]
Event: 6.383 Thread 0x00000194fd3e4cc0 Exception <a 'java/lang/NoSuchMethodError'{0x00000000847b73c8}: static Lorg/gradle/internal/build/event/types/AbstractProjectConfigurationResult;.<clinit>()V> (0x00000000847b73c8) 
thrown [s\src\hotspot\share\prims\jni.cpp, line 1108]
Event: 6.383 Thread 0x00000194fd3e4cc0 Exception <a 'java/lang/NoSuchMethodError'{0x00000000847b8958}: static Lorg/gradle/internal/build/event/types/AbstractOperationResult;.<clinit>()V> (0x00000000847b8958) 
thrown [s\src\hotspot\share\prims\jni.cpp, line 1108]
Event: 6.383 Thread 0x00000194fd3e4cc0 Exception <a 'java/lang/NoSuchMethodError'{0x00000000847b9918}: static Lorg/gradle/internal/build/event/types/AbstractResult;.<clinit>()V> (0x00000000847b9918) 
thrown [s\src\hotspot\share\prims\jni.cpp, line 1108]
Event: 6.393 Thread 0x00000194fd3e4cc0 Exception <a 'java/lang/NoSuchMethodError'{0x00000000847cf5a8}: static Lorg/gradle/internal/build/event/types/DefaultPluginApplicationResult;.<clinit>()V> (0x00000000847cf5a8) 
thrown [s\src\hotspot\share\prims\jni.cpp, line 1108]
Event: 6.396 Thread 0x00000194fd3e4cc0 Exception <a 'java/lang/NoSuchMethodError'{0x00000000847daad0}: static Lorg/gradle/internal/build/event/types/DefaultBinaryPluginIdentifier;.<clinit>()V> (0x00000000847daad0) 
thrown [s\src\hotspot\share\prims\jni.cpp, line 1108]
Event: 6.408 Thread 0x00000194fd3e4cc0 Exception <a 'java/lang/NoSuchMethodError'{0x00000000847f38d8}: static Lorg/gradle/internal/build/event/types/DefaultScriptPluginIdentifier;.<clinit>()V> (0x00000000847f38d8) 
thrown [s\src\hotspot\share\prims\jni.cpp, line 1108]
Event: 6.420 Thread 0x00000194fd3e7340 Exception <a 'java/lang/ClassNotFoundException'{0x0000000084660ed0}: build_50eyxxr3c2ibturcx9j4e40v1BeanInfo> (0x0000000084660ed0) 
thrown [s\src\hotspot\share\classfile\systemDictionary.cpp, line 256]
Event: 6.420 Thread 0x00000194fd3e7340 Exception <a 'java/lang/ClassNotFoundException'{0x0000000084667910}: build_50eyxxr3c2ibturcx9j4e40v1Customizer> (0x0000000084667910) 
thrown [s\src\hotspot\share\classfile\systemDictionary.cpp, line 256]
Event: 6.548 Thread 0x00000194fd3e7340 Exception <a 'java/lang/ClassNotFoundException'{0x0000000083ea9440}: sun/misc/SharedSecrets> (0x0000000083ea9440) 
thrown [s\src\hotspot\share\classfile\systemDictionary.cpp, line 256]
Event: 6.548 Thread 0x00000194fd3e7340 Exception <a 'java/lang/ClassNotFoundException'{0x0000000083eaa770}: org/gradle/api/internal/plugins/DefaultObjectConfigurationActionBeanInfo> (0x0000000083eaa770) 
thrown [s\src\hotspot\share\classfile\systemDictionary.cpp, line 256]
Event: 6.549 Thread 0x00000194fd3e7340 Exception <a 'java/lang/ClassNotFoundException'{0x0000000083ebd208}: org/gradle/api/internal/plugins/DefaultObjectConfigurationActionCustomizer> (0x0000000083ebd208) 
thrown [s\src\hotspot\share\classfile\systemDictionary.cpp, line 256]

VM Operations (20 events):
Event: 5.084 Executing VM operation: G1CollectForAllocation
Event: 5.088 Executing VM operation: G1CollectForAllocation done
Event: 5.663 Executing VM operation: ICBufferFull
Event: 5.663 Executing VM operation: ICBufferFull done
Event: 5.752 Executing VM operation: HandshakeAllThreads
Event: 5.752 Executing VM operation: HandshakeAllThreads done
Event: 5.938 Executing VM operation: G1CollectForAllocation
Event: 5.943 Executing VM operation: G1CollectForAllocation done
Event: 6.372 Executing VM operation: HandshakeAllThreads
Event: 6.372 Executing VM operation: HandshakeAllThreads done
Event: 6.384 Executing VM operation: ICBufferFull
Event: 6.386 Executing VM operation: ICBufferFull done
Event: 6.649 Executing VM operation: G1CollectForAllocation
Event: 6.654 Executing VM operation: G1CollectForAllocation done
Event: 6.712 Executing VM operation: G1TryInitiateConcMark
Event: 6.715 Executing VM operation: G1TryInitiateConcMark done
Event: 6.750 Executing VM operation: G1Concurrent
Event: 6.752 Executing VM operation: G1Concurrent done
Event: 6.768 Executing VM operation: G1Concurrent
Event: 6.768 Executing VM operation: G1Concurrent done

Events (20 events):
Event: 5.877 Thread 0x00000194fcc8b660 Thread added: 0x00000194fcc8b660
Event: 6.256 Thread 0x00000194fcc8bb30 Thread added: 0x00000194fcc8bb30
Event: 6.256 Thread 0x00000194fcc92040 Thread added: 0x00000194fcc92040
Event: 6.257 Thread 0x00000194fcc90d00 Thread added: 0x00000194fcc90d00
Event: 6.369 loading class java/util/stream/SortedOps
Event: 6.370 loading class java/util/stream/SortedOps done
Event: 6.370 loading class java/util/stream/SortedOps$OfRef
Event: 6.371 loading class java/util/stream/ReferencePipeline$StatefulOp
Event: 6.371 loading class java/util/stream/ReferencePipeline$StatefulOp done
Event: 6.371 loading class java/util/stream/SortedOps$OfRef done
Event: 6.373 loading class java/util/stream/SortedOps$RefSortingSink
Event: 6.373 loading class java/util/stream/SortedOps$AbstractRefSortingSink
Event: 6.373 loading class java/util/stream/SortedOps$AbstractRefSortingSink done
Event: 6.373 loading class java/util/stream/SortedOps$RefSortingSink done
Event: 6.400 loading class java/time/Ser
Event: 6.400 loading class java/time/Ser done
Event: 6.548 loading class sun/misc/SharedSecrets
Event: 6.548 loading class sun/misc/SharedSecrets done
Event: 6.550 loading class jdk/internal/reflect/UnsafeObjectFieldAccessorImpl
Event: 6.551 loading class jdk/internal/reflect/UnsafeObjectFieldAccessorImpl done


Dynamic libraries:
0x00007ff734b90000 - 0x00007ff734b9a000 	C:\Program Files\Android\Android Studio\jbr\bin\java.exe
0x00007ff9f1330000 - 0x00007ff9f1528000 	C:\Windows\SYSTEM32\ntdll.dll
0x00007ff9ef330000 - 0x00007ff9ef3ed000 	C:\Windows\System32\KERNEL32.DLL
0x00007ff9eec10000 - 0x00007ff9eef06000 	C:\Windows\System32\KERNELBASE.dll
0x00007ff9eef10000 - 0x00007ff9ef010000 	C:\Windows\System32\ucrtbase.dll
0x00007ff9ca5e0000 - 0x00007ff9ca5f7000 	C:\Program Files\Android\Android Studio\jbr\bin\jli.dll
0x00007ff965ac0000 - 0x00007ff965adb000 	C:\Program Files\Android\Android Studio\jbr\bin\VCRUNTIME140.dll
0x00007ff9effe0000 - 0x00007ff9f017f000 	C:\Windows\System32\USER32.dll
0x00007ff9ef1c0000 - 0x00007ff9ef1e2000 	C:\Windows\System32\win32u.dll
0x00007ff9d5000000 - 0x00007ff9d529a000 	C:\Windows\WinSxS\amd64_microsoft.windows.common-controls_6595b64144ccf1df_6.0.19041.4355_none_60b8b9eb71f62e16\COMCTL32.dll
0x00007ff9f0d80000 - 0x00007ff9f0dab000 	C:\Windows\System32\GDI32.dll
0x00007ff9eff40000 - 0x00007ff9effde000 	C:\Windows\System32\msvcrt.dll
0x00007ff9ef0a0000 - 0x00007ff9ef1b7000 	C:\Windows\System32\gdi32full.dll
0x00007ff9ef260000 - 0x00007ff9ef2fd000 	C:\Windows\System32\msvcp_win.dll
0x00007ff9efa50000 - 0x00007ff9efa82000 	C:\Windows\System32\IMM32.DLL
0x00007ff98d2a0000 - 0x00007ff98d2ac000 	C:\Program Files\Android\Android Studio\jbr\bin\vcruntime140_1.dll
0x00007ff965a30000 - 0x00007ff965abd000 	C:\Program Files\Android\Android Studio\jbr\bin\msvcp140.dll
0x00007ff988d80000 - 0x00007ff989a00000 	C:\Program Files\Android\Android Studio\jbr\bin\server\jvm.dll
0x00007ff9f0db0000 - 0x00007ff9f0e60000 	C:\Windows\System32\ADVAPI32.dll
0x00007ff9f1220000 - 0x00007ff9f12c0000 	C:\Windows\System32\sechost.dll
0x00007ff9f0e60000 - 0x00007ff9f0f83000 	C:\Windows\System32\RPCRT4.dll
0x00007ff9ef300000 - 0x00007ff9ef327000 	C:\Windows\System32\bcrypt.dll
0x00007ff9ea1c0000 - 0x00007ff9ea1c9000 	C:\Windows\SYSTEM32\WSOCK32.dll
0x00007ff9dba10000 - 0x00007ff9dba37000 	C:\Windows\SYSTEM32\WINMM.dll
0x00007ff9e8220000 - 0x00007ff9e822a000 	C:\Windows\SYSTEM32\VERSION.dll
0x00007ff9efed0000 - 0x00007ff9eff3b000 	C:\Windows\System32\WS2_32.dll
0x00007ff9ed1c0000 - 0x00007ff9ed1d2000 	C:\Windows\SYSTEM32\kernel.appcore.dll
0x00007ff9dfb30000 - 0x00007ff9dfb3a000 	C:\Program Files\Android\Android Studio\jbr\bin\jimage.dll
0x00007ff9ecfc0000 - 0x00007ff9ed1a4000 	C:\Windows\SYSTEM32\DBGHELP.DLL
0x00007ff9db920000 - 0x00007ff9db954000 	C:\Windows\SYSTEM32\dbgcore.DLL
0x00007ff9ef010000 - 0x00007ff9ef092000 	C:\Windows\System32\bcryptPrimitives.dll
0x00007ff9ca8d0000 - 0x00007ff9ca8de000 	C:\Program Files\Android\Android Studio\jbr\bin\instrument.dll
0x00007ff9c72c0000 - 0x00007ff9c72e5000 	C:\Program Files\Android\Android Studio\jbr\bin\java.dll
0x00007ff9da980000 - 0x00007ff9da998000 	C:\Program Files\Android\Android Studio\jbr\bin\zip.dll
0x00007ff9f01f0000 - 0x00007ff9f095b000 	C:\Windows\System32\SHELL32.dll
0x00007ff9ec750000 - 0x00007ff9eceed000 	C:\Windows\SYSTEM32\windows.storage.dll
0x00007ff9f0960000 - 0x00007ff9f0cb3000 	C:\Windows\System32\combase.dll
0x00007ff9ee3d0000 - 0x00007ff9ee3fe000 	C:\Windows\SYSTEM32\Wldp.dll
0x00007ff9efb40000 - 0x00007ff9efc0d000 	C:\Windows\System32\OLEAUT32.dll
0x00007ff9ef470000 - 0x00007ff9ef51d000 	C:\Windows\System32\SHCORE.dll
0x00007ff9f0cc0000 - 0x00007ff9f0d15000 	C:\Windows\System32\shlwapi.dll
0x00007ff9ee8e0000 - 0x00007ff9ee904000 	C:\Windows\SYSTEM32\profapi.dll
0x00007ff9e8ff0000 - 0x00007ff9e9009000 	C:\Program Files\Android\Android Studio\jbr\bin\net.dll
0x00007ff9e6e50000 - 0x00007ff9e6f5a000 	C:\Windows\SYSTEM32\WINHTTP.dll
0x00007ff9ee0c0000 - 0x00007ff9ee12a000 	C:\Windows\system32\mswsock.dll
0x00007ff9ca8e0000 - 0x00007ff9ca8f6000 	C:\Program Files\Android\Android Studio\jbr\bin\nio.dll
0x00007ff9dcab0000 - 0x00007ff9dcac0000 	C:\Program Files\Android\Android Studio\jbr\bin\verify.dll
0x00007ff965ae0000 - 0x00007ff965b07000 	C:\Users\Huynh Huu Nghia\.gradle\native\68d5fa5c4cc2d200863cafc0d521ce42e7d3e7ee720ec0a83991735586a16f82\windows-amd64\native-platform.dll
0x00007ff9658e0000 - 0x00007ff965a24000 	C:\Users\Huynh Huu Nghia\.gradle\native\e376f236ea51e6404a007f0833ffe2c6e607c4080706a723a18a27aeea778392\windows-amd64\native-platform-file-events.dll
0x00007ff9da220000 - 0x00007ff9da229000 	C:\Program Files\Android\Android Studio\jbr\bin\management.dll
0x00007ff9d0860000 - 0x00007ff9d086b000 	C:\Program Files\Android\Android Studio\jbr\bin\management_ext.dll
0x00007ff9f0180000 - 0x00007ff9f0188000 	C:\Windows\System32\PSAPI.DLL
0x00007ff9ee320000 - 0x00007ff9ee338000 	C:\Windows\SYSTEM32\CRYPTSP.dll
0x00007ff9ed980000 - 0x00007ff9ed9b4000 	C:\Windows\system32\rsaenh.dll
0x00007ff9ee850000 - 0x00007ff9ee87e000 	C:\Windows\SYSTEM32\USERENV.dll
0x00007ff9ee340000 - 0x00007ff9ee34c000 	C:\Windows\SYSTEM32\CRYPTBASE.dll
0x00007ff9edda0000 - 0x00007ff9edddb000 	C:\Windows\SYSTEM32\IPHLPAPI.DLL
0x00007ff9ef520000 - 0x00007ff9ef528000 	C:\Windows\System32\NSI.dll
0x00007ff9e7d60000 - 0x00007ff9e7d77000 	C:\Windows\SYSTEM32\dhcpcsvc6.DLL
0x00007ff9e7e70000 - 0x00007ff9e7e8d000 	C:\Windows\SYSTEM32\dhcpcsvc.DLL
0x00007ff9edde0000 - 0x00007ff9edeab000 	C:\Windows\SYSTEM32\DNSAPI.dll
0x00007ff9dcbd0000 - 0x00007ff9dcbd7000 	C:\Windows\system32\wshunix.dll

dbghelp: loaded successfully - version: 4.0.5 - missing functions: none
symbol engine: initialized successfully - sym options: 0x614 - pdb path: .;C:\Program Files\Android\Android Studio\jbr\bin;C:\Windows\SYSTEM32;C:\Windows\WinSxS\amd64_microsoft.windows.common-controls_6595b64144ccf1df_6.0.19041.4355_none_60b8b9eb71f62e16;C:\Program Files\Android\Android Studio\jbr\bin\server;C:\Users\Huynh Huu Nghia\.gradle\native\68d5fa5c4cc2d200863cafc0d521ce42e7d3e7ee720ec0a83991735586a16f82\windows-amd64;C:\Users\Huynh Huu Nghia\.gradle\native\e376f236ea51e6404a007f0833ffe2c6e607c4080706a723a18a27aeea778392\windows-amd64

VM Arguments:
jvm_args: --add-opens=java.base/java.util=ALL-UNNAMED --add-opens=java.base/java.lang=ALL-UNNAMED --add-opens=java.base/java.lang.invoke=ALL-UNNAMED --add-opens=java.prefs/java.util.prefs=ALL-UNNAMED --add-opens=java.base/java.nio.charset=ALL-UNNAMED --add-opens=java.base/java.net=ALL-UNNAMED --add-opens=java.base/java.util.concurrent.atomic=ALL-UNNAMED -Xmx2048m -Dfile.encoding=UTF-8 -Duser.country=US -Duser.language=en -Duser.variant -javaagent:C:\Users\Huynh Huu Nghia\.gradle\wrapper\dists\gradle-8.2-bin\bbg7u40eoinfdyxsxr3z4i7ta\gradle-8.2\lib\agents\gradle-instrumentation-agent-8.2.jar 
java_command: org.gradle.launcher.daemon.bootstrap.GradleDaemon 8.2
java_class_path (initial): C:\Users\Huynh Huu Nghia\.gradle\wrapper\dists\gradle-8.2-bin\bbg7u40eoinfdyxsxr3z4i7ta\gradle-8.2\lib\gradle-launcher-8.2.jar
Launcher Type: SUN_STANDARD

[Global flags]
     intx CICompilerCount                          = 4                                         {product} {ergonomic}
     uint ConcGCThreads                            = 2                                         {product} {ergonomic}
     uint G1ConcRefinementThreads                  = 8                                         {product} {ergonomic}
   size_t G1HeapRegionSize                         = 1048576                                   {product} {ergonomic}
    uintx GCDrainStackTargetSize                   = 64                                        {product} {ergonomic}
   size_t InitialHeapSize                          = 132120576                                 {product} {ergonomic}
   size_t MarkStackSize                            = 4194304                                   {product} {ergonomic}
   size_t MaxHeapSize                              = 2147483648                                {product} {command line}
   size_t MaxNewSize                               = 1287651328                                {product} {ergonomic}
   size_t MinHeapDeltaBytes                        = 1048576                                   {product} {ergonomic}
   size_t MinHeapSize                              = 8388608                                   {product} {ergonomic}
    uintx NonNMethodCodeHeapSize                   = 5839372                                {pd product} {ergonomic}
    uintx NonProfiledCodeHeapSize                  = 122909434                              {pd product} {ergonomic}
    uintx ProfiledCodeHeapSize                     = 122909434                              {pd product} {ergonomic}
    uintx ReservedCodeCacheSize                    = 251658240                              {pd product} {ergonomic}
     bool SegmentedCodeCache                       = true                                      {product} {ergonomic}
   size_t SoftMaxHeapSize                          = 2147483648                             {manageable} {ergonomic}
     bool UseCompressedClassPointers               = true                           {product lp64_product} {ergonomic}
     bool UseCompressedOops                        = true                           {product lp64_product} {ergonomic}
     bool UseG1GC                                  = true                                      {product} {ergonomic}
     bool UseLargePagesIndividualAllocation        = false                                  {pd product} {ergonomic}

Logging:
Log output configuration:
 #0: stdout all=warning uptime,level,tags
 #1: stderr all=off uptime,level,tags

Environment Variables:
PATH=C:\Program Files\Common Files\Oracle\Java\javapath;C:\Windows\system32;C:\Windows;C:\Windows\System32\Wbem;C:\Windows\System32\WindowsPowerShell\v1.0\;C:\Windows\System32\OpenSSH\;C:\MinGW\bin;C:\Program Files\MySQL\MySQL Server 8.0\bin;C:\Program Files\Microsoft SQL Server\110\Tools\Binn\;C:\Program Files (x86)\Microsoft SQL Server\110\Tools\Binn\ManagementStudio\;C:\Program Files (x86)\Microsoft SQL Server\110\Tools\Binn\;C:\Program Files (x86)\Microsoft SQL Server\110\DTS\Binn\;C:\Program Files\Microsoft SQL Server\110\DTS\Binn\;C:\ProgramData\ComposerSetup\bin;C:\Program Files\nodejs\;C:\Program Files\Microsoft SQL Server\150\Tools\Binn\;C:\Program Files\Git\cmd;C:\Users\Huynh Huu Nghia\.console-ninja\.bin;C:\Users\Huynh Huu Nghia\AppData\Local\Programs\Python\Python310\Scripts\;C:\Users\Huynh Huu Nghia\AppData\Local\Programs\Python\Python310\;C:\Program Files\MySQL\MySQL Shell 8.0\bin\;C:\Users\Huynh Huu Nghia\AppData\Local\Programs\Python\Python38\Scripts\;C:\Users\Huynh Huu Nghia\AppData\Local\Programs\Python\Python38\;C:\Users\Huynh Huu Nghia\AppData\Local\Microsoft\WindowsApps;C:\Users\Huynh Huu Nghia\AppData\Local\Programs\Microsoft VS Code\bin;C:\Program Files\Azure Data Studio\bin;C:\Users\Huynh Huu Nghia\.dotnet\tools;C:\Program Files\Java\jdk15.0.2\bin;C:\xampp\php;C:\Users\Huynh Huu Nghia\AppData\Local\ComposerSetup\bin;C:\Users\Huynh Huu Nghia\AppData\Roaming\Composer\vendor\bin;C:\Users\Huynh Huu Nghia\AppData\Local\Android\Sdk\platform-tools;C:\Users\Huynh Huu Nghia\AppData\Roaming\npm
USERNAME=Huynh Huu Nghia
OS=Windows_NT
PROCESSOR_IDENTIFIER=Intel64 Family 6 Model 126 Stepping 5, GenuineIntel
TMP=C:\Users\HUYNHH~1\AppData\Local\Temp
TEMP=C:\Users\HUYNHH~1\AppData\Local\Temp


JNI global refs:
JNI global refs: 26, weak refs: 2

JNI global refs memory usage: 843, weak refs: 841

OOME stack traces (most recent first):
Classloader memory used:
Loader org.gradle.internal.classloader.VisitableURLClassLoader                         : 3178K
Loader bootstrap                                                                       : 2385K
Loader org.gradle.initialization.MixInLegacyTypesClassLoader                           : 959K
Loader org.gradle.internal.classloader.VisitableURLClassLoader$InstrumentingVisitableURLClassLoader: 173K
Loader jdk.internal.loader.ClassLoaders$PlatformClassLoader                            : 65402B
Loader jdk.internal.loader.ClassLoaders$AppClassLoader                                 : 28450B
Loader jdk.internal.reflect.DelegatingClassLoader                                      : 13215B
Loader org.gradle.groovy.scripts.internal.DefaultScriptCompilationHandler$ScriptClassLoader: 9645B
Loader org.codehaus.groovy.runtime.callsite.CallSiteClassLoader                        : 1876B

Classes loaded by more than one classloader:
Class org.gradle.internal.installation.GradleInstallation                             : loaded 2 times (x 73B)
Class com.google.common.collect.SingletonImmutableList                                : loaded 2 times (x 167B)
Class org.gradle.internal.classpath.ClassPath                                         : loaded 2 times (x 68B)
Class org.gradle.api.internal.classpath.DefaultModuleRegistry                         : loaded 2 times (x 84B)
Class com.google.common.collect.ListMultimap                                          : loaded 2 times (x 68B)
Class com.google.common.base.CharMatcher$JavaDigit                                    : loaded 2 times (x 109B)
Class com.google.common.base.CharMatcher$Digit                                        : loaded 2 times (x 110B)
Class com.google.common.collect.AbstractMultimap                                      : loaded 2 times (x 121B)
Class org.gradle.api.Action                                                           : loaded 2 times (x 68B)
Class com.google.common.collect.Lists$StringAsImmutableList                           : loaded 2 times (x 167B)
Class com.google.common.base.CharMatcher                                              : loaded 2 times (x 109B)
Class com.google.common.base.CharMatcher$IsNot                                        : loaded 2 times (x 109B)
Class com.google.common.base.Splitter                                                 : loaded 2 times (x 70B)
Class org.gradle.api.internal.DefaultClassPathProvider                                : loaded 2 times (x 74B)
Class org.gradle.internal.installation.GradleInstallation$1                           : loaded 2 times (x 73B)
Class com.google.common.base.CharMatcher$BitSetMatcher                                : loaded 2 times (x 110B)
Class com.google.common.collect.ImmutableMap$IteratorBasedImmutableMap                : loaded 2 times (x 123B)
Class com.google.common.collect.ImmutableMap                                          : loaded 2 times (x 118B)
Class com.google.common.base.Converter                                                : loaded 2 times (x 88B)
Class settings_eoou18dhdd28dso2yymew1pgh$_run_closure1$_closure2                      : loaded 2 times (x 134B)
Class com.google.common.base.Predicate                                                : loaded 2 times (x 68B)
Class org.gradle.internal.classloader.FilteringClassLoader                            : loaded 2 times (x 102B)
Class org.gradle.internal.classpath.DefaultClassPath$ImmutableUniqueList$Builder      : loaded 2 times (x 73B)
Class com.google.common.collect.Maps$8                                                : loaded 2 times (x 80B)
Class com.google.common.base.CharMatcher$InRange                                      : loaded 2 times (x 109B)
Class com.google.common.collect.BiMap                                                 : loaded 2 times (x 68B)
Class com.google.common.collect.Lists                                                 : loaded 2 times (x 69B)
Class org.gradle.internal.classloader.ClassLoaderVisitor                              : loaded 2 times (x 74B)
Class org.gradle.internal.service.DefaultServiceLocator                               : loaded 2 times (x 81B)
Class org.gradle.internal.service.UnknownServiceException                             : loaded 2 times (x 81B)
Class com.google.common.collect.ArrayListMultimap                                     : loaded 2 times (x 170B)
Class org.gradle.internal.classloader.DefaultClassLoaderFactory                       : loaded 2 times (x 80B)
Class com.google.common.collect.UnmodifiableIterator                                  : loaded 2 times (x 78B)
Class com.google.common.base.CharMatcher$SingleWidth                                  : loaded 2 times (x 110B)
Class com.google.common.base.JdkPattern                                               : loaded 2 times (x 73B)
Class com.google.common.collect.Multimap                                              : loaded 2 times (x 68B)
Class org.gradle.internal.classloader.VisitableURLClassLoader$Spec                    : loaded 2 times (x 72B)
Class org.gradle.api.GradleException                                                  : loaded 2 times (x 80B)
Class com.google.common.base.CharMatcher$JavaLetterOrDigit                            : loaded 2 times (x 109B)
Class org.gradle.api.internal.classpath.ModuleRegistry                                : loaded 2 times (x 68B)
Class com.google.common.collect.ImmutableCollection                                   : loaded 2 times (x 123B)
Class org.gradle.api.internal.ClassPathProvider                                       : loaded 2 times (x 68B)
Class org.gradle.internal.classloader.ClasspathUtil$1                                 : loaded 2 times (x 74B)
Class com.google.common.collect.ImmutableEnumMap                                      : loaded 2 times (x 123B)
Class com.google.common.collect.ImmutableList$ReverseImmutableList                    : loaded 2 times (x 168B)
Class org.gradle.internal.classloader.ClassLoaderFactory                              : loaded 2 times (x 68B)
Class com.google.common.collect.ObjectArrays                                          : loaded 2 times (x 69B)
Class com.google.common.collect.ImmutableList                                         : loaded 2 times (x 166B)
Class org.gradle.api.internal.classpath.ManifestUtil                                  : loaded 2 times (x 69B)
Class org.gradle.api.specs.Spec                                                       : loaded 2 times (x 68B)
Class com.google.common.base.CharMatcher$Whitespace                                   : loaded 2 times (x 110B)
Class com.google.common.base.Preconditions                                            : loaded 2 times (x 69B)
Class com.google.common.base.Function                                                 : loaded 2 times (x 68B)
Class org.gradle.internal.IoActions                                                   : loaded 2 times (x 69B)
Class com.google.common.collect.CollectPreconditions                                  : loaded 2 times (x 69B)
Class com.google.common.collect.Maps                                                  : loaded 2 times (x 69B)
Class com.google.common.collect.AbstractIndexedListIterator                           : loaded 2 times (x 94B)
Class com.google.common.base.CharMatcher$None                                         : loaded 2 times (x 110B)
Class org.gradle.api.internal.classpath.EffectiveClassPath                            : loaded 2 times (x 88B)
Class com.google.common.collect.UnmodifiableListIterator                              : loaded 2 times (x 93B)
Class com.google.common.collect.ImmutableList$1                                       : loaded 2 times (x 95B)
Class com.google.common.base.Splitter$Strategy                                        : loaded 2 times (x 68B)
Class org.gradle.internal.installation.CurrentGradleInstallation                      : loaded 2 times (x 71B)
Class org.gradle.internal.agents.InstrumentingClassLoader                             : loaded 2 times (x 68B)
Class org.gradle.internal.installation.CurrentGradleInstallationLocator               : loaded 2 times (x 69B)
Class org.gradle.api.internal.classpath.Module                                        : loaded 2 times (x 68B)
Class com.google.common.base.Splitter$1$1                                             : loaded 2 times (x 84B)
Class org.gradle.internal.service.CachingServiceLocator                               : loaded 2 times (x 80B)
Class org.gradle.internal.classpath.DefaultClassPath                                  : loaded 2 times (x 88B)
Class com.google.common.base.Splitter$SplittingIterator                               : loaded 2 times (x 82B)
Class com.google.common.base.CharMatcher$Is                                           : loaded 2 times (x 109B)
Class com.google.common.collect.RegularImmutableAsList                                : loaded 2 times (x 176B)
Class org.gradle.internal.classloader.SystemClassLoaderSpec                           : loaded 2 times (x 69B)
Class [Lcom.google.common.base.AbstractIterator$State;                                : loaded 2 times (x 67B)
Class com.google.common.base.AbstractIterator                                         : loaded 2 times (x 78B)
Class com.google.common.base.AbstractIterator$1                                       : loaded 2 times (x 69B)
Class com.google.common.base.CharMatcher$Ascii                                        : loaded 2 times (x 110B)
Class com.google.common.base.CharMatcher$1                                            : loaded 2 times (x 111B)
Class org.gradle.api.UncheckedIOException                                             : loaded 2 times (x 80B)
Class com.google.common.base.CharMatcher$And                                          : loaded 2 times (x 110B)
Class com.google.common.collect.AbstractListMultimap                                  : loaded 2 times (x 170B)
Class com.google.common.base.CharMatcher$Any                                          : loaded 2 times (x 110B)
Class com.google.common.collect.ArrayListMultimapGwtSerializationDependencies         : loaded 2 times (x 170B)
Class com.google.common.base.CharMatcher$RangesMatcher                                : loaded 2 times (x 110B)
Class com.google.common.collect.ImmutableList$SubList                                 : loaded 2 times (x 168B)
Class org.gradle.internal.classloader.ClasspathUtil                                   : loaded 2 times (x 69B)
Class com.google.common.base.Splitter$1                                               : loaded 2 times (x 75B)
Class com.google.common.collect.Maps$BiMapConverter                                   : loaded 2 times (x 88B)
Class org.gradle.api.internal.DefaultClassPathRegistry                                : loaded 2 times (x 74B)
Class org.gradle.api.internal.classpath.DefaultModuleRegistry$DefaultModule           : loaded 2 times (x 84B)
Class com.google.common.base.CharMatcher$JavaIsoControl                               : loaded 2 times (x 110B)
Class com.google.common.base.CharMatcher$Or                                           : loaded 2 times (x 110B)
Class com.google.common.base.CharMatcher$JavaLowerCase                                : loaded 2 times (x 109B)
Class org.gradle.api.internal.classpath.UnknownModuleException                        : loaded 2 times (x 80B)
Class settings_eoou18dhdd28dso2yymew1pgh                                              : loaded 2 times (x 177B)
Class com.google.common.collect.Maps$EntryTransformer                                 : loaded 2 times (x 68B)
Class com.google.common.base.CommonPattern                                            : loaded 2 times (x 72B)
Class org.gradle.internal.service.ServiceLookupException                              : loaded 2 times (x 80B)
Class org.gradle.cache.GlobalCache                                                    : loaded 2 times (x 68B)
Class com.google.common.base.CharMatcher$NegatedFastMatcher                           : loaded 2 times (x 111B)
Class [Lorg.gradle.api.internal.ClassPathProvider;                                    : loaded 2 times (x 67B)
Class org.gradle.util.internal.GUtil                                                  : loaded 2 times (x 69B)
Class org.gradle.internal.classloader.ClassLoaderSpec                                 : loaded 2 times (x 69B)
Class com.google.common.base.NullnessCasts                                            : loaded 2 times (x 69B)
Class com.google.common.base.CharMatcher$Negated                                      : loaded 2 times (x 111B)
Class com.google.common.base.CharMatcher$ForPredicate                                 : loaded 2 times (x 110B)
Class com.google.common.collect.SortedMapDifference                                   : loaded 2 times (x 68B)
Class org.gradle.internal.classloader.VisitableURLClassLoader                         : loaded 2 times (x 114B)
Class org.gradle.internal.Cast                                                        : loaded 2 times (x 69B)
Class org.gradle.api.internal.ClassPathRegistry                                       : loaded 2 times (x 68B)
Class org.gradle.internal.classloader.VisitableURLClassLoader$InstrumentingVisitableURLClassLoader: loaded 2 times (x 120B)
Class org.gradle.internal.classloader.ClassLoaderHierarchy                            : loaded 2 times (x 68B)
Class com.google.common.base.AbstractIterator$State                                   : loaded 2 times (x 77B)
Class com.google.common.base.CharMatcher$NamedFastMatcher                             : loaded 2 times (x 110B)
Class org.gradle.internal.InternalTransformer                                         : loaded 2 times (x 68B)
Class org.gradle.internal.service.ServiceLocator                                      : loaded 2 times (x 68B)
Class settings_eoou18dhdd28dso2yymew1pgh$_run_closure1                                : loaded 2 times (x 134B)
Class com.google.common.base.CharMatcher$Invisible                                    : loaded 2 times (x 110B)
Class com.google.common.base.CharMatcher$FastMatcher                                  : loaded 2 times (x 109B)
Class org.gradle.internal.classpath.DefaultClassPath$ImmutableUniqueList              : loaded 2 times (x 159B)
Class com.google.common.base.CharMatcher$JavaLetter                                   : loaded 2 times (x 109B)
Class org.gradle.internal.classpath.TransformedClassPath                              : loaded 2 times (x 94B)
Class com.google.common.collect.MapDifference                                         : loaded 2 times (x 68B)
Class com.google.common.collect.Platform                                              : loaded 2 times (x 69B)
Class com.google.common.collect.ImmutableAsList                                       : loaded 2 times (x 169B)
Class com.google.common.base.CharMatcher$AnyOf                                        : loaded 2 times (x 110B)
Class com.google.common.base.CharMatcher$IsEither                                     : loaded 2 times (x 109B)
Class com.google.common.collect.RegularImmutableList                                  : loaded 2 times (x 172B)
Class com.google.common.base.CharMatcher$JavaUpperCase                                : loaded 2 times (x 109B)
Class com.google.common.collect.Multiset                                              : loaded 2 times (x 68B)
Class com.google.common.collect.AbstractMapBasedMultimap                              : loaded 2 times (x 137B)


---------------  S Y S T E M  ---------------

OS:
 Windows 10 , 64 bit Build 19041 (10.0.19041.3636)
OS uptime: 0 days 9:15 hours

CPU: total 8 (initial active 8) (4 cores per cpu, 2 threads per core) family 6 model 126 stepping 5 microcode 0x86, cx8, cmov, fxsr, ht, mmx, 3dnowpref, sse, sse2, sse3, ssse3, sse4.1, sse4.2, popcnt, lzcnt, tsc, tscinvbit, avx, avx2, aes, erms, clmul, bmi1, bmi2, adx, avx512f, avx512dq, avx512cd, avx512bw, avx512vl, sha, fma, vzeroupper, avx512_vpopcntdq, avx512_vpclmulqdq, avx512_vaes, avx512_vnni, clflush, clflushopt, avx512_vbmi2, avx512_vbmi

Memory: 4k page, system-wide physical 7969M (389M free)
TotalPageFile size 11969M (AvailPageFile size 15M)
current process WorkingSet (physical memory assigned to process): 261M, peak: 261M
current process commit charge ("private bytes"): 295M, peak: 296M

vm_info: OpenJDK 64-Bit Server VM (17.0.7+0-b2043.56-10550314) for windows-amd64 JRE (17.0.7+0-b2043.56-10550314), built on Jul 24 2023 18:27:45 by "androidbuild" with MS VC++ 16.10 / 16.11 (VS2019)

END.
